<?xml version='1.0'?>
<ns2:test-suite xmlns:ns2='urn:model.allure.qatools.yandex.ru' start='1523986400503' stop='1523986400524'>
    <name>Site: Patriotpowerhub | Funnel: PPH Main | QA Smoke Test Verifiy landing page Link work</name>
    <title>Site: Patriotpowerhub | Funnel: PPH Main | QA Smoke Test Verifiy landing page Link work</title>
    <test-cases>
        <test-case start='1523986400503' status='failed' stop='1523986400524'>
            <name>Check the functionality of the purchase link</name>
            <title>Check the functionality of the purchase link</title>
            <labels>
                <label name='language' value='javascript'/>
                <label name='framework' value='wdio'/>
            </labels>
            <parameters>
                <parameter kind='argument' name='browser' value='chrome'/>
                <parameter kind='environment-variable' name='capabilities' value='{"maxInstances":5,"browserName":"chrome"}'/>
                <parameter kind='environment-variable' name='spec files' value='["/Users/corykelly/Downloads/My Stuff/Projects/PPH_Smoke/test/lander.test.js"]'/>
            </parameters>
            <steps>
                <step start='1523986400503' status='passed' stop='1523986400504'>
                    <name>POST /wd/hub/session/94a718dec873190e8f96f26e4681010c/element</name>
                    <title>POST /wd/hub/session/94a718dec873190e8f96f26e4681010c/element</title>
                    <attachments>
                        <attachment title='Request' source='e841d21d-802e-4956-a7ce-01c33855fd72-attachment.json' type='application/json' size='150'/>
                        <attachment title='Response' source='a5f51644-01f9-44c8-88bd-dd8f49638ee8-attachment.json' type='application/json' size='137'/>
                    </attachments>
                    <steps/>
                </step>
                <step start='1523986400504' status='passed' stop='1523986400512'>
                    <name>POST /wd/hub/session/94a718dec873190e8f96f26e4681010c/element/0.35100108491517545-6/click</name>
                    <title>POST /wd/hub/session/94a718dec873190e8f96f26e4681010c/element/0.35100108491517545-6/click</title>
                    <attachments>
                        <attachment title='Response' source='2742e775-3377-4ea0-a094-f9ef78b6c926-attachment.json' type='application/json' size='91'/>
                    </attachments>
                    <steps/>
                </step>
                <step start='1523986400515' status='passed' stop='1523986400520'>
                    <name>GET /wd/hub/session/94a718dec873190e8f96f26e4681010c/url</name>
                    <title>GET /wd/hub/session/94a718dec873190e8f96f26e4681010c/url</title>
                    <attachments>
                        <attachment title='Response' source='dcff9556-178a-435e-b1b1-ad82f56d4074-attachment.json' type='application/json' size='130'/>
                    </attachments>
                    <steps/>
                </step>
            </steps>
            <attachments/>
            <failure>
                <message>'https://pph.stage.4patriots.net/index.php' == 'https://pph.stage.4patriots.net/checkout/pph/index.php?AFID=MINISITE'</message>
                <stack-trace>AssertionError: 'https://pph.stage.4patriots.net/index.php' == 'https://pph.stage.4patriots.net/checkout/pph/index.php?AFID=MINISITE'
                    at Context.&lt;anonymous> (/Users/corykelly/Downloads/My Stuff/Projects/PPH_Smoke/test/lander.test.js:54:14)
                    at Promise.F (/Users/corykelly/Downloads/My Stuff/Projects/PPH_Smoke/node_modules/core-js/library/modules/_export.js:36:28)</stack-trace>
            </failure>
        </test-case>
    </test-cases>
</ns2:test-suite>