<?xml version='1.0'?>
<ns2:test-suite xmlns:ns2='urn:model.allure.qatools.yandex.ru' start='1523986589982' stop='1523986589992'>
    <name>Site: Patriotpowerhub | Funnel: PPH Main | QA Smoke Test Verifiy landing page Link work</name>
    <title>Site: Patriotpowerhub | Funnel: PPH Main | QA Smoke Test Verifiy landing page Link work</title>
    <test-cases>
        <test-case start='1523986589982' status='failed' stop='1523986589992'>
            <name>Check the functionality of the purchase link</name>
            <title>Check the functionality of the purchase link</title>
            <labels>
                <label name='language' value='javascript'/>
                <label name='framework' value='wdio'/>
            </labels>
            <parameters>
                <parameter kind='argument' name='browser' value='chrome'/>
                <parameter kind='environment-variable' name='capabilities' value='{"maxInstances":5,"browserName":"chrome"}'/>
                <parameter kind='environment-variable' name='spec files' value='["/Users/corykelly/Downloads/My Stuff/Projects/PPH_Smoke/test/lander.test.js"]'/>
            </parameters>
            <steps>
                <step start='1523986589982' status='passed' stop='1523986589983'>
                    <name>POST /wd/hub/session/18781e31dc958bc77ecec4b99231545f/element</name>
                    <title>POST /wd/hub/session/18781e31dc958bc77ecec4b99231545f/element</title>
                    <attachments>
                        <attachment title='Request' source='60d739d7-5cf6-453b-bd24-638f76119d55-attachment.json' type='application/json' size='150'/>
                        <attachment title='Response' source='9f096f94-ecdf-4a3c-b644-3da78208997d-attachment.json' type='application/json' size='138'/>
                    </attachments>
                    <steps/>
                </step>
                <step start='1523986589983' status='passed' stop='1523986589983'>
                    <name>POST /wd/hub/session/18781e31dc958bc77ecec4b99231545f/element/0.039273976978981384-6/click</name>
                    <title>POST /wd/hub/session/18781e31dc958bc77ecec4b99231545f/element/0.039273976978981384-6/click</title>
                    <attachments>
                        <attachment title='Response' source='06d7816d-10ad-4984-b522-54b3724d05ec-attachment.json' type='application/json' size='91'/>
                    </attachments>
                    <steps/>
                </step>
                <step start='1523986589984' status='passed' stop='1523986589988'>
                    <name>GET /wd/hub/session/18781e31dc958bc77ecec4b99231545f/url</name>
                    <title>GET /wd/hub/session/18781e31dc958bc77ecec4b99231545f/url</title>
                    <attachments>
                        <attachment title='Response' source='41b2a143-2787-47e4-aa1d-f6bee86069f8-attachment.json' type='application/json' size='130'/>
                    </attachments>
                    <steps/>
                </step>
            </steps>
            <attachments/>
            <failure>
                <message>'https://pph.stage.4patriots.net/index.php' == 'https://pph.stage.4patriots.net/checkout/pph/index.php?AFID=MINISITE'</message>
                <stack-trace>AssertionError: 'https://pph.stage.4patriots.net/index.php' == 'https://pph.stage.4patriots.net/checkout/pph/index.php?AFID=MINISITE'
                    at Context.&lt;anonymous> (/Users/corykelly/Downloads/My Stuff/Projects/PPH_Smoke/test/lander.test.js:55:14)
                    at Promise.F (/Users/corykelly/Downloads/My Stuff/Projects/PPH_Smoke/node_modules/core-js/library/modules/_export.js:36:28)</stack-trace>
            </failure>
        </test-case>
    </test-cases>
</ns2:test-suite>