<?xml version='1.0'?>
<ns2:test-suite xmlns:ns2='urn:model.allure.qatools.yandex.ru' start='1523987174574' stop='1523987174590'>
    <name>Site: Patriotpowerhub | Funnel: PPH Main | QA Smoke Test Verifiy landing page Link work</name>
    <title>Site: Patriotpowerhub | Funnel: PPH Main | QA Smoke Test Verifiy landing page Link work</title>
    <test-cases>
        <test-case start='1523987174574' status='failed' stop='1523987174589'>
            <name>Check the functionality of the purchase link</name>
            <title>Check the functionality of the purchase link</title>
            <labels>
                <label name='language' value='javascript'/>
                <label name='framework' value='wdio'/>
            </labels>
            <parameters>
                <parameter kind='argument' name='browser' value='chrome'/>
                <parameter kind='environment-variable' name='capabilities' value='{"maxInstances":5,"browserName":"chrome"}'/>
                <parameter kind='environment-variable' name='spec files' value='["/Users/corykelly/Downloads/My Stuff/Projects/PPH_Smoke/test/lander.test.js"]'/>
            </parameters>
            <steps>
                <step start='1523987174574' status='passed' stop='1523987174575'>
                    <name>POST /wd/hub/session/53c6510bfb36357594422b74ac78af1a/element</name>
                    <title>POST /wd/hub/session/53c6510bfb36357594422b74ac78af1a/element</title>
                    <attachments>
                        <attachment title='Request' source='0d60429a-0c8b-4625-b778-b5dea3a9d3e8-attachment.json' type='application/json' size='150'/>
                        <attachment title='Response' source='12bd951e-bb94-463f-a363-9001142dd231-attachment.json' type='application/json' size='136'/>
                    </attachments>
                    <steps/>
                </step>
                <step start='1523987174575' status='passed' stop='1523987174579'>
                    <name>POST /wd/hub/session/53c6510bfb36357594422b74ac78af1a/element/0.9254947713228028-6/click</name>
                    <title>POST /wd/hub/session/53c6510bfb36357594422b74ac78af1a/element/0.9254947713228028-6/click</title>
                    <attachments>
                        <attachment title='Response' source='943b3a3c-80a0-409c-af04-aabbd52c0f08-attachment.json' type='application/json' size='91'/>
                    </attachments>
                    <steps/>
                </step>
                <step start='1523987174582' status='passed' stop='1523987174586'>
                    <name>GET /wd/hub/session/53c6510bfb36357594422b74ac78af1a/url</name>
                    <title>GET /wd/hub/session/53c6510bfb36357594422b74ac78af1a/url</title>
                    <attachments>
                        <attachment title='Response' source='8cdb63e3-ace7-412f-a068-53733073b902-attachment.json' type='application/json' size='130'/>
                    </attachments>
                    <steps/>
                </step>
            </steps>
            <attachments/>
            <failure>
                <message>'https://pph.stage.4patriots.net/index.php' == 'https://pph.stage.4patriots.net/checkout/pph/index.php?AFID=MINISITE'</message>
                <stack-trace>AssertionError: 'https://pph.stage.4patriots.net/index.php' == 'https://pph.stage.4patriots.net/checkout/pph/index.php?AFID=MINISITE'
                    at Context.&lt;anonymous> (/Users/corykelly/Downloads/My Stuff/Projects/PPH_Smoke/test/lander.test.js:55:14)
                    at Promise.F (/Users/corykelly/Downloads/My Stuff/Projects/PPH_Smoke/node_modules/core-js/library/modules/_export.js:36:28)</stack-trace>
            </failure>
        </test-case>
    </test-cases>
</ns2:test-suite>