<?xml version='1.0'?>
<ns2:test-suite xmlns:ns2='urn:model.allure.qatools.yandex.ru' start='1523307537326' stop='1523307537364'>
    <name>Site: Patriotpowerhub | Funnel: PPH Main | QA Smoke Test Verifiy landing page Link work</name>
    <title>Site: Patriotpowerhub | Funnel: PPH Main | QA Smoke Test Verifiy landing page Link work</title>
    <test-cases>
        <test-case start='1523307537326' status='failed' stop='1523307537364'>
            <name>Check the functionality of the purchase link</name>
            <title>Check the functionality of the purchase link</title>
            <labels>
                <label name='language' value='javascript'/>
                <label name='framework' value='wdio'/>
            </labels>
            <parameters>
                <parameter kind='argument' name='browser' value='chrome'/>
                <parameter kind='environment-variable' name='capabilities' value='{"maxInstances":5,"browserName":"chrome"}'/>
                <parameter kind='environment-variable' name='spec files' value='["/Users/corykelly/Downloads/My Stuff/Projects/PPH_Smoke/test/lander.test.js"]'/>
            </parameters>
            <steps>
                <step start='1523307537326' status='passed' stop='1523307537326'>
                    <name>POST /wd/hub/session/e61d681ff0ba68166a804f7bbdc8088d/element</name>
                    <title>POST /wd/hub/session/e61d681ff0ba68166a804f7bbdc8088d/element</title>
                    <attachments>
                        <attachment title='Request' source='98093939-56d6-4498-ab06-fd6f1ea581bc-attachment.json' type='application/json' size='150'/>
                        <attachment title='Response' source='5b263a69-172e-4668-8766-c8241135dc86-attachment.json' type='application/json' size='136'/>
                    </attachments>
                    <steps/>
                </step>
                <step start='1523307537327' status='passed' stop='1523307537351'>
                    <name>POST /wd/hub/session/e61d681ff0ba68166a804f7bbdc8088d/element/0.6431675757013975-6/click</name>
                    <title>POST /wd/hub/session/e61d681ff0ba68166a804f7bbdc8088d/element/0.6431675757013975-6/click</title>
                    <attachments>
                        <attachment title='Response' source='5ca05dbc-4373-43ea-9251-7a741e37d2dd-attachment.json' type='application/json' size='91'/>
                    </attachments>
                    <steps/>
                </step>
                <step start='1523307537354' status='passed' stop='1523307537360'>
                    <name>GET /wd/hub/session/e61d681ff0ba68166a804f7bbdc8088d/url</name>
                    <title>GET /wd/hub/session/e61d681ff0ba68166a804f7bbdc8088d/url</title>
                    <attachments>
                        <attachment title='Response' source='66492451-c178-48b2-9115-7bba5fde7581-attachment.json' type='application/json' size='130'/>
                    </attachments>
                    <steps/>
                </step>
            </steps>
            <attachments/>
            <failure>
                <message>'https://pph.stage.4patriots.net/index.php' == 'https://pph.stage.4patriots.net/checkout/pph/index.php?AFID=MINISITE'</message>
                <stack-trace>AssertionError: 'https://pph.stage.4patriots.net/index.php' == 'https://pph.stage.4patriots.net/checkout/pph/index.php?AFID=MINISITE'
                    at Context.&lt;anonymous> (/Users/corykelly/Downloads/My Stuff/Projects/PPH_Smoke/test/lander.test.js:44:14)
                    at Promise.F (/Users/corykelly/Downloads/My Stuff/Projects/PPH_Smoke/node_modules/core-js/library/modules/_export.js:36:28)</stack-trace>
            </failure>
        </test-case>
    </test-cases>
</ns2:test-suite>