<?xml version='1.0'?>
<ns2:test-suite xmlns:ns2='urn:model.allure.qatools.yandex.ru' start='1522781935527' stop='1522781935697'>
    <name>Site: Patriotpowerhub | Funnel: PPH Main | QA Smoke Test</name>
    <title>Site: Patriotpowerhub | Funnel: PPH Main | QA Smoke Test</title>
    <test-cases>
        <test-case start='1522781935528' status='failed' stop='1522781935697'>
            <name>Verify PPH Letter Page URL</name>
            <title>Verify PPH Letter Page URL</title>
            <labels>
                <label name='language' value='javascript'/>
                <label name='framework' value='wdio'/>
            </labels>
            <parameters>
                <parameter kind='argument' name='browser' value='firefox'/>
                <parameter kind='environment-variable' name='capabilities' value='{"maxInstances":5,"browserName":"firefox"}'/>
                <parameter kind='environment-variable' name='spec files' value='["/Users/corykelly/Downloads/My Stuff/PPH_Smoke/test/funnel-flow.js"]'/>
            </parameters>
            <steps>
                <step start='1522781935532' status='passed' stop='1522781935681'>
                    <name>POST /wd/hub/session/ebdcee12-56ff-334d-80aa-1e124df6f73c/url</name>
                    <title>POST /wd/hub/session/ebdcee12-56ff-334d-80aa-1e124df6f73c/url</title>
                    <attachments>
                        <attachment title='Request' source='e4d32a38-6511-451a-9aca-9170a9687855-attachment.json' type='application/json' size='55'/>
                        <attachment title='Response' source='5feabad5-8fe7-4476-b112-e2f6131f9a50-attachment.json' type='application/json' size='160'/>
                    </attachments>
                    <steps/>
                </step>
                <step start='1522781935685' status='passed' stop='1522781935690'>
                    <name>GET /wd/hub/session/ebdcee12-56ff-334d-80aa-1e124df6f73c/url</name>
                    <title>GET /wd/hub/session/ebdcee12-56ff-334d-80aa-1e124df6f73c/url</title>
                    <attachments>
                        <attachment title='Response' source='0eed5d16-c611-4333-a938-baa4658f11b9-attachment.json' type='application/json' size='197'/>
                    </attachments>
                    <steps/>
                </step>
            </steps>
            <attachments/>
            <failure>
                <message>'http://pph.dev.4patriots.net/undefined' == 'http://pph.dev.4patriots.net/index.php'</message>
                <stack-trace>AssertionError: 'http://pph.dev.4patriots.net/undefined' == 'http://pph.dev.4patriots.net/index.php'
                    at Context.&lt;anonymous> (/Users/corykelly/Downloads/My Stuff/PPH_Smoke/test/funnel-flow.js:11:12)
                    at Promise.F (/Users/corykelly/Downloads/My Stuff/PPH_Smoke/node_modules/core-js/library/modules/_export.js:36:28)</stack-trace>
            </failure>
        </test-case>
    </test-cases>
</ns2:test-suite>