<?xml version='1.0'?>
<ns2:test-suite xmlns:ns2='urn:model.allure.qatools.yandex.ru' start='1523986444390' stop='1523986444408'>
    <name>Site: Patriotpowerhub | Funnel: PPH Main | QA Smoke Test Verifiy landing page Link work</name>
    <title>Site: Patriotpowerhub | Funnel: PPH Main | QA Smoke Test Verifiy landing page Link work</title>
    <test-cases>
        <test-case start='1523986444390' status='failed' stop='1523986444407'>
            <name>Check the functionality of the purchase link</name>
            <title>Check the functionality of the purchase link</title>
            <labels>
                <label name='language' value='javascript'/>
                <label name='framework' value='wdio'/>
            </labels>
            <parameters>
                <parameter kind='argument' name='browser' value='chrome'/>
                <parameter kind='environment-variable' name='capabilities' value='{"maxInstances":5,"browserName":"chrome"}'/>
                <parameter kind='environment-variable' name='spec files' value='["/Users/corykelly/Downloads/My Stuff/Projects/PPH_Smoke/test/lander.test.js"]'/>
            </parameters>
            <steps>
                <step start='1523986444390' status='passed' stop='1523986444391'>
                    <name>POST /wd/hub/session/a42e9f8c985f1d69ea202216a49d04ca/element</name>
                    <title>POST /wd/hub/session/a42e9f8c985f1d69ea202216a49d04ca/element</title>
                    <attachments>
                        <attachment title='Request' source='121562dd-59f6-48e0-a594-05bf62b5815a-attachment.json' type='application/json' size='150'/>
                        <attachment title='Response' source='c8eec8dd-0f35-4d84-8018-9fa3c77760be-attachment.json' type='application/json' size='138'/>
                    </attachments>
                    <steps/>
                </step>
                <step start='1523986444391' status='passed' stop='1523986444396'>
                    <name>POST /wd/hub/session/a42e9f8c985f1d69ea202216a49d04ca/element/0.029762663258967592-6/click</name>
                    <title>POST /wd/hub/session/a42e9f8c985f1d69ea202216a49d04ca/element/0.029762663258967592-6/click</title>
                    <attachments>
                        <attachment title='Response' source='edf8f822-aa31-4e24-bb7d-0e7bc4d66f5f-attachment.json' type='application/json' size='91'/>
                    </attachments>
                    <steps/>
                </step>
                <step start='1523986444399' status='passed' stop='1523986444403'>
                    <name>GET /wd/hub/session/a42e9f8c985f1d69ea202216a49d04ca/url</name>
                    <title>GET /wd/hub/session/a42e9f8c985f1d69ea202216a49d04ca/url</title>
                    <attachments>
                        <attachment title='Response' source='ffaf0b4e-18ce-4e94-9e84-d00b2101c595-attachment.json' type='application/json' size='130'/>
                    </attachments>
                    <steps/>
                </step>
            </steps>
            <attachments/>
            <failure>
                <message>'https://pph.stage.4patriots.net/index.php' == 'https://pph.stage.4patriots.net/checkout/pph/index.php?AFID=MINISITE'</message>
                <stack-trace>AssertionError: 'https://pph.stage.4patriots.net/index.php' == 'https://pph.stage.4patriots.net/checkout/pph/index.php?AFID=MINISITE'
                    at Context.&lt;anonymous> (/Users/corykelly/Downloads/My Stuff/Projects/PPH_Smoke/test/lander.test.js:54:14)
                    at Promise.F (/Users/corykelly/Downloads/My Stuff/Projects/PPH_Smoke/node_modules/core-js/library/modules/_export.js:36:28)</stack-trace>
            </failure>
        </test-case>
    </test-cases>
</ns2:test-suite>