<?xml version='1.0'?>
<ns2:test-suite xmlns:ns2='urn:model.allure.qatools.yandex.ru' start='1522789672855' stop='1522789675986'>
    <name>Site: Patriotpowerhub | Funnel: PPH Main | QA Smoke Test</name>
    <title>Site: Patriotpowerhub | Funnel: PPH Main | QA Smoke Test</title>
    <test-cases>
        <test-case start='1522789672855' status='passed' stop='1522789675536'>
            <name>"before all" hook</name>
            <title>"before all" hook</title>
            <labels/>
            <parameters/>
            <steps>
                <step start='1522789672858' status='passed' stop='1522789675499'>
                    <name>POST /wd/hub/session/61736a76-54c7-cd47-94f8-1d95d05d29ce/url</name>
                    <title>POST /wd/hub/session/61736a76-54c7-cd47-94f8-1d95d05d29ce/url</title>
                    <attachments>
                        <attachment title='Request' source='3a4325f2-7f3e-48da-9482-39d588ad4316-attachment.json' type='application/json' size='58'/>
                        <attachment title='Response' source='ae8ad106-d72e-4a6e-9448-b700436c9420-attachment.json' type='application/json' size='160'/>
                    </attachments>
                    <steps/>
                </step>
                <step start='1522789675535' status='passed' stop='1522789675536'>
                    <name>GET /wd/hub/session/61736a76-54c7-cd47-94f8-1d95d05d29ce/url</name>
                    <title>GET /wd/hub/session/61736a76-54c7-cd47-94f8-1d95d05d29ce/url</title>
                    <attachments>
                        <attachment title='Response' source='23edb322-7077-4d80-8cb2-9c2b1907072d-attachment.json' type='application/json' size='201'/>
                    </attachments>
                    <steps/>
                </step>
            </steps>
            <attachments/>
        </test-case>
        <test-case start='1522789675536' status='failed' stop='1522789675538'>
            <name>Check the functionality of the purchase link</name>
            <title>Check the functionality of the purchase link</title>
            <labels>
                <label name='language' value='javascript'/>
                <label name='framework' value='wdio'/>
            </labels>
            <parameters>
                <parameter kind='argument' name='browser' value='firefox'/>
                <parameter kind='environment-variable' name='capabilities' value='{"maxInstances":5,"browserName":"firefox"}'/>
                <parameter kind='environment-variable' name='spec files' value='["/Users/corykelly/Downloads/My Stuff/PPH_Smoke/test/funnel-flow.js"]'/>
            </parameters>
            <steps>
                <step start='1522789675537' status='passed' stop='1522789675537'>
                    <name>GET /wd/hub/session/61736a76-54c7-cd47-94f8-1d95d05d29ce/url</name>
                    <title>GET /wd/hub/session/61736a76-54c7-cd47-94f8-1d95d05d29ce/url</title>
                    <attachments>
                        <attachment title='Response' source='3ffca246-6943-49fb-962c-0eb9f3d36fb9-attachment.json' type='application/json' size='200'/>
                    </attachments>
                    <steps/>
                </step>
            </steps>
            <attachments/>
            <failure>
                <message>'https://pph.stage.4patriots.net/index.php' == 'https://pph.stage.4patriots.net/checkout/pph/index.php?AFID=MINISITE'</message>
                <stack-trace>AssertionError: 'https://pph.stage.4patriots.net/index.php' == 'https://pph.stage.4patriots.net/checkout/pph/index.php?AFID=MINISITE'
                    at Context.&lt;anonymous> (/Users/corykelly/Downloads/My Stuff/PPH_Smoke/test/funnel-flow.js:53:12)
                    at Promise.F (/Users/corykelly/Downloads/My Stuff/PPH_Smoke/node_modules/core-js/library/modules/_export.js:36:28)</stack-trace>
            </failure>
        </test-case>
    </test-cases>
</ns2:test-suite>