<?xml version='1.0'?>
<ns2:test-suite xmlns:ns2='urn:model.allure.qatools.yandex.ru' start='1522789601590' stop='1522789604581'>
    <name>Site: Patriotpowerhub | Funnel: PPH Main | QA Smoke Test</name>
    <title>Site: Patriotpowerhub | Funnel: PPH Main | QA Smoke Test</title>
    <test-cases>
        <test-case start='1522789601591' status='failed' stop='1522789604580'>
            <name>"before all" hook</name>
            <title>"before all" hook</title>
            <labels/>
            <parameters/>
            <steps>
                <step start='1522789601593' status='passed' stop='1522789604528'>
                    <name>POST /wd/hub/session/e050a4d0-7de6-0247-91d1-5834e37e6c6d/url</name>
                    <title>POST /wd/hub/session/e050a4d0-7de6-0247-91d1-5834e37e6c6d/url</title>
                    <attachments>
                        <attachment title='Request' source='4dd37c2e-6f10-4826-a761-f06cc9ff0a9e-attachment.json' type='application/json' size='58'/>
                        <attachment title='Response' source='9832dc02-7af1-4cad-a274-2cca07ad84ee-attachment.json' type='application/json' size='159'/>
                    </attachments>
                    <steps/>
                </step>
                <step start='1522789604578' status='passed' stop='1522789604579'>
                    <name>GET /wd/hub/session/e050a4d0-7de6-0247-91d1-5834e37e6c6d/url</name>
                    <title>GET /wd/hub/session/e050a4d0-7de6-0247-91d1-5834e37e6c6d/url</title>
                    <attachments>
                        <attachment title='Response' source='837a524a-1e31-402f-b8dc-8629ea48c774-attachment.json' type='application/json' size='201'/>
                    </attachments>
                    <steps/>
                </step>
            </steps>
            <attachments/>
            <failure>
                <message>'https://pph.stage.4patriots.net/index.php' == 'http://pph.dev.4patriots.net/index.php'</message>
                <stack-trace>AssertionError: 'https://pph.stage.4patriots.net/index.php' == 'http://pph.dev.4patriots.net/index.php'
                    at Context.&lt;anonymous> (/Users/corykelly/Downloads/My Stuff/PPH_Smoke/test/funnel-flow.js:15:12)
                    at Promise.F (/Users/corykelly/Downloads/My Stuff/PPH_Smoke/node_modules/core-js/library/modules/_export.js:36:28)</stack-trace>
            </failure>
        </test-case>
    </test-cases>
</ns2:test-suite>