<?xml version='1.0'?>
<ns2:test-suite xmlns:ns2='urn:model.allure.qatools.yandex.ru' start='1523986670914' stop='1523986670933'>
    <name>Site: Patriotpowerhub | Funnel: PPH Main | QA Smoke Test Verifiy landing page Link work</name>
    <title>Site: Patriotpowerhub | Funnel: PPH Main | QA Smoke Test Verifiy landing page Link work</title>
    <test-cases>
        <test-case start='1523986670915' status='failed' stop='1523986670932'>
            <name>Check the functionality of the purchase link</name>
            <title>Check the functionality of the purchase link</title>
            <labels>
                <label name='language' value='javascript'/>
                <label name='framework' value='wdio'/>
            </labels>
            <parameters>
                <parameter kind='argument' name='browser' value='chrome'/>
                <parameter kind='environment-variable' name='capabilities' value='{"maxInstances":5,"browserName":"chrome"}'/>
                <parameter kind='environment-variable' name='spec files' value='["/Users/corykelly/Downloads/My Stuff/Projects/PPH_Smoke/test/lander.test.js"]'/>
            </parameters>
            <steps>
                <step start='1523986670915' status='passed' stop='1523986670916'>
                    <name>POST /wd/hub/session/6f8c499ca011d00718369a45a94ba039/element</name>
                    <title>POST /wd/hub/session/6f8c499ca011d00718369a45a94ba039/element</title>
                    <attachments>
                        <attachment title='Request' source='ea5c71db-12cd-4577-9083-5c90a6072977-attachment.json' type='application/json' size='150'/>
                        <attachment title='Response' source='1f8bab1e-48c9-4aed-928e-9f1a7b04555d-attachment.json' type='application/json' size='137'/>
                    </attachments>
                    <steps/>
                </step>
                <step start='1523986670916' status='passed' stop='1523986670922'>
                    <name>POST /wd/hub/session/6f8c499ca011d00718369a45a94ba039/element/0.44268662389443403-6/click</name>
                    <title>POST /wd/hub/session/6f8c499ca011d00718369a45a94ba039/element/0.44268662389443403-6/click</title>
                    <attachments>
                        <attachment title='Response' source='50cfde6a-4a96-4c96-b2a4-29bfbc158e89-attachment.json' type='application/json' size='91'/>
                    </attachments>
                    <steps/>
                </step>
                <step start='1523986670924' status='passed' stop='1523986670928'>
                    <name>GET /wd/hub/session/6f8c499ca011d00718369a45a94ba039/url</name>
                    <title>GET /wd/hub/session/6f8c499ca011d00718369a45a94ba039/url</title>
                    <attachments>
                        <attachment title='Response' source='6ba9457e-133c-45b1-9538-3e501edae95c-attachment.json' type='application/json' size='130'/>
                    </attachments>
                    <steps/>
                </step>
            </steps>
            <attachments/>
            <failure>
                <message>'https://pph.stage.4patriots.net/index.php' == 'https://pph.stage.4patriots.net/checkout/pph/index.php?AFID=MINISITE'</message>
                <stack-trace>AssertionError: 'https://pph.stage.4patriots.net/index.php' == 'https://pph.stage.4patriots.net/checkout/pph/index.php?AFID=MINISITE'
                    at Context.&lt;anonymous> (/Users/corykelly/Downloads/My Stuff/Projects/PPH_Smoke/test/lander.test.js:55:14)
                    at Promise.F (/Users/corykelly/Downloads/My Stuff/Projects/PPH_Smoke/node_modules/core-js/library/modules/_export.js:36:28)</stack-trace>
            </failure>
        </test-case>
    </test-cases>
</ns2:test-suite>