<?xml version='1.0'?>
<ns2:test-suite xmlns:ns2='urn:model.allure.qatools.yandex.ru' start='1522791985546' stop='1522791987692'>
    <name>Site: Patriotpowerhub | Funnel: PPH Main | QA Smoke Test Verifiy landing page Link work</name>
    <title>Site: Patriotpowerhub | Funnel: PPH Main | QA Smoke Test Verifiy landing page Link work</title>
    <test-cases>
        <test-case start='1522791985546' status='failed' stop='1522791987691'>
            <name>Check the functionality of the purchase link</name>
            <title>Check the functionality of the purchase link</title>
            <labels>
                <label name='language' value='javascript'/>
                <label name='framework' value='wdio'/>
            </labels>
            <parameters>
                <parameter kind='argument' name='browser' value='firefox'/>
                <parameter kind='environment-variable' name='capabilities' value='{"maxInstances":5,"browserName":"firefox"}'/>
                <parameter kind='environment-variable' name='spec files' value='["/Users/corykelly/Downloads/My Stuff/PPH_Smoke/test/funnel-flow.js"]'/>
            </parameters>
            <steps>
                <step start='1522791985546' status='passed' stop='1522791985547'>
                    <name>POST /wd/hub/session/2a7c06ab-4c86-ab42-be6f-fececb2daea2/element</name>
                    <title>POST /wd/hub/session/2a7c06ab-4c86-ab42-be6f-fececb2daea2/element</title>
                    <attachments>
                        <attachment title='Request' source='30cdb32e-cbc5-4555-af55-dd9c4baa9168-attachment.json' type='application/json' size='150'/>
                        <attachment title='Response' source='e3f63b08-65b1-40ee-8c80-b484c613e43f-attachment.json' type='application/json' size='250'/>
                    </attachments>
                    <steps/>
                </step>
                <step start='1522791985547' status='passed' stop='1522791987673'>
                    <name>POST /wd/hub/session/2a7c06ab-4c86-ab42-be6f-fececb2daea2/element/83370bee-f8f8-2c43-bbbf-c2852a2d72c7/click</name>
                    <title>POST /wd/hub/session/2a7c06ab-4c86-ab42-be6f-fececb2daea2/element/83370bee-f8f8-2c43-bbbf-c2852a2d72c7/click</title>
                    <attachments>
                        <attachment title='Response' source='045196c0-8abb-4486-8a9e-689e7e3fa1f5-attachment.json' type='application/json' size='160'/>
                    </attachments>
                    <steps/>
                </step>
                <step start='1522791987678' status='passed' stop='1522791987685'>
                    <name>GET /wd/hub/session/2a7c06ab-4c86-ab42-be6f-fececb2daea2/url</name>
                    <title>GET /wd/hub/session/2a7c06ab-4c86-ab42-be6f-fececb2daea2/url</title>
                    <attachments>
                        <attachment title='Response' source='71d1a52d-39fe-4331-bb59-53be45bf0fd0-attachment.json' type='application/json' size='228'/>
                    </attachments>
                    <steps/>
                </step>
            </steps>
            <attachments/>
            <failure>
                <message>'https://pph.stage.4patriots.net/checkout/pph/index.php?AFID=MINISITE' == 'https://pph.stage.4patriots.net/checkout/pph/index.php'</message>
                <stack-trace>AssertionError: 'https://pph.stage.4patriots.net/checkout/pph/index.php?AFID=MINISITE' == 'https://pph.stage.4patriots.net/checkout/pph/index.php'
                    at Context.&lt;anonymous> (/Users/corykelly/Downloads/My Stuff/PPH_Smoke/test/funnel-flow.js:45:14)
                    at Promise.F (/Users/corykelly/Downloads/My Stuff/PPH_Smoke/node_modules/core-js/library/modules/_export.js:36:28)</stack-trace>
            </failure>
        </test-case>
    </test-cases>
</ns2:test-suite>