<?xml version='1.0'?>
<ns2:test-suite xmlns:ns2='urn:model.allure.qatools.yandex.ru' start='1522781604223' stop='1522781604382'>
    <name>Site: Patriotpowerhub | Funnel: PPH Main | QA Smoke Test</name>
    <title>Site: Patriotpowerhub | Funnel: PPH Main | QA Smoke Test</title>
    <test-cases>
        <test-case start='1522781604223' status='failed' stop='1522781604382'>
            <name>Verify PPH Letter Page URL</name>
            <title>Verify PPH Letter Page URL</title>
            <labels>
                <label name='language' value='javascript'/>
                <label name='framework' value='wdio'/>
            </labels>
            <parameters>
                <parameter kind='argument' name='browser' value='firefox'/>
                <parameter kind='environment-variable' name='capabilities' value='{"maxInstances":5,"browserName":"firefox"}'/>
                <parameter kind='environment-variable' name='spec files' value='["/Users/corykelly/Downloads/My Stuff/PPH_Smoke/test/funnel-flow.js"]'/>
            </parameters>
            <steps>
                <step start='1522781604226' status='passed' stop='1522781604366'>
                    <name>POST /wd/hub/session/cda643d6-955e-0649-9782-8f256d376b63/url</name>
                    <title>POST /wd/hub/session/cda643d6-955e-0649-9782-8f256d376b63/url</title>
                    <attachments>
                        <attachment title='Request' source='11657ac7-09f7-4516-bcf1-eeaf56861ffd-attachment.json' type='application/json' size='55'/>
                        <attachment title='Response' source='7f18abe1-2a03-4726-893a-8bf36b481bf0-attachment.json' type='application/json' size='159'/>
                    </attachments>
                    <steps/>
                </step>
                <step start='1522781604370' status='passed' stop='1522781604376'>
                    <name>GET /wd/hub/session/cda643d6-955e-0649-9782-8f256d376b63/url</name>
                    <title>GET /wd/hub/session/cda643d6-955e-0649-9782-8f256d376b63/url</title>
                    <attachments>
                        <attachment title='Response' source='054bd984-2a6d-48d6-b250-90b036358a13-attachment.json' type='application/json' size='197'/>
                    </attachments>
                    <steps/>
                </step>
            </steps>
            <attachments/>
            <failure>
                <message>'http://pph.dev.4patriots.net/undefined' == 'http://pph.dev.4patriots.net/index.php'</message>
                <stack-trace>AssertionError: 'http://pph.dev.4patriots.net/undefined' == 'http://pph.dev.4patriots.net/index.php'
                    at Context.&lt;anonymous> (/Users/corykelly/Downloads/My Stuff/PPH_Smoke/test/funnel-flow.js:12:12)
                    at Promise.F (/Users/corykelly/Downloads/My Stuff/PPH_Smoke/node_modules/core-js/library/modules/_export.js:36:28)</stack-trace>
            </failure>
        </test-case>
    </test-cases>
</ns2:test-suite>