<?xml version='1.0'?>
<ns2:test-suite xmlns:ns2='urn:model.allure.qatools.yandex.ru' start='1522783669620' stop='1522783669815'>
    <name>Site: Patriotpowerhub | Funnel: PPH Main | QA Smoke Test</name>
    <title>Site: Patriotpowerhub | Funnel: PPH Main | QA Smoke Test</title>
    <test-cases>
        <test-case start='1522783669621' status='failed' stop='1522783669814'>
            <name>Verify PPH Letter Page URL</name>
            <title>Verify PPH Letter Page URL</title>
            <labels>
                <label name='language' value='javascript'/>
                <label name='framework' value='wdio'/>
            </labels>
            <parameters>
                <parameter kind='argument' name='browser' value='firefox'/>
                <parameter kind='environment-variable' name='capabilities' value='{"maxInstances":5,"browserName":"firefox"}'/>
                <parameter kind='environment-variable' name='spec files' value='["/Users/corykelly/Downloads/My Stuff/PPH_Smoke/test/funnel-flow.js"]'/>
            </parameters>
            <steps>
                <step start='1522783669624' status='passed' stop='1522783669801'>
                    <name>POST /wd/hub/session/e49f00f4-dd9a-244b-981e-a49fb05839a5/url</name>
                    <title>POST /wd/hub/session/e49f00f4-dd9a-244b-981e-a49fb05839a5/url</title>
                    <attachments>
                        <attachment title='Request' source='4550f241-74e4-4e81-bc7a-ce1e4a1e25a0-attachment.json' type='application/json' size='55'/>
                        <attachment title='Response' source='2d552386-4c11-4e7d-b95e-9173e4ae7eae-attachment.json' type='application/json' size='159'/>
                    </attachments>
                    <steps/>
                </step>
                <step start='1522783669805' status='passed' stop='1522783669810'>
                    <name>GET /wd/hub/session/e49f00f4-dd9a-244b-981e-a49fb05839a5/url</name>
                    <title>GET /wd/hub/session/e49f00f4-dd9a-244b-981e-a49fb05839a5/url</title>
                    <attachments>
                        <attachment title='Response' source='2a22d7dc-6267-4096-93f0-dcd5a9b8aafd-attachment.json' type='application/json' size='197'/>
                    </attachments>
                    <steps/>
                </step>
            </steps>
            <attachments/>
            <failure>
                <message>'http://pph.dev.4patriots.net/undefined' == 'http://pph.dev.4patriots.net/index.php'</message>
                <stack-trace>AssertionError: 'http://pph.dev.4patriots.net/undefined' == 'http://pph.dev.4patriots.net/index.php'
                    at Context.&lt;anonymous> (/Users/corykelly/Downloads/My Stuff/PPH_Smoke/test/funnel-flow.js:11:12)
                    at Promise.F (/Users/corykelly/Downloads/My Stuff/PPH_Smoke/node_modules/core-js/library/modules/_export.js:36:28)</stack-trace>
            </failure>
        </test-case>
    </test-cases>
</ns2:test-suite>