<?xml version='1.0'?>
<ns2:test-suite xmlns:ns2='urn:model.allure.qatools.yandex.ru' start='1522791780403' stop='1522791782050'>
    <name>Site: Patriotpowerhub | Funnel: PPH Main | QA Smoke Test Verifiy landing page Link work</name>
    <title>Site: Patriotpowerhub | Funnel: PPH Main | QA Smoke Test Verifiy landing page Link work</title>
    <test-cases>
        <test-case start='1522791780403' status='failed' stop='1522791782050'>
            <name>Check the functionality of the purchase link</name>
            <title>Check the functionality of the purchase link</title>
            <labels>
                <label name='language' value='javascript'/>
                <label name='framework' value='wdio'/>
            </labels>
            <parameters>
                <parameter kind='argument' name='browser' value='firefox'/>
                <parameter kind='environment-variable' name='capabilities' value='{"maxInstances":5,"browserName":"firefox"}'/>
                <parameter kind='environment-variable' name='spec files' value='["/Users/corykelly/Downloads/My Stuff/PPH_Smoke/test/funnel-flow.js"]'/>
            </parameters>
            <steps>
                <step start='1522791780403' status='passed' stop='1522791780404'>
                    <name>POST /wd/hub/session/4a1dff70-4375-8040-8c07-a5f1bb6e3689/element</name>
                    <title>POST /wd/hub/session/4a1dff70-4375-8040-8c07-a5f1bb6e3689/element</title>
                    <attachments>
                        <attachment title='Request' source='cdba1d8e-706a-4857-a642-d4d6c558aa13-attachment.json' type='application/json' size='150'/>
                        <attachment title='Response' source='bd9aeece-db31-4fe6-8817-76b5678accf1-attachment.json' type='application/json' size='251'/>
                    </attachments>
                    <steps/>
                </step>
                <step start='1522791780404' status='passed' stop='1522791782036'>
                    <name>POST /wd/hub/session/4a1dff70-4375-8040-8c07-a5f1bb6e3689/element/63e05849-dc46-0148-912e-5c967b7d8174/click</name>
                    <title>POST /wd/hub/session/4a1dff70-4375-8040-8c07-a5f1bb6e3689/element/63e05849-dc46-0148-912e-5c967b7d8174/click</title>
                    <attachments>
                        <attachment title='Response' source='e1af4641-41b8-42e7-9781-f8a20b2b8b6a-attachment.json' type='application/json' size='160'/>
                    </attachments>
                    <steps/>
                </step>
                <step start='1522791782040' status='passed' stop='1522791782044'>
                    <name>GET /wd/hub/session/4a1dff70-4375-8040-8c07-a5f1bb6e3689/url</name>
                    <title>GET /wd/hub/session/4a1dff70-4375-8040-8c07-a5f1bb6e3689/url</title>
                    <attachments>
                        <attachment title='Response' source='67869b53-4546-4692-8f2d-0e4d8e69118b-attachment.json' type='application/json' size='228'/>
                    </attachments>
                    <steps/>
                </step>
            </steps>
            <attachments/>
            <failure>
                <message>'https://pph.stage.4patriots.net/checkout/pph/index.php?AFID=MINISITE' == 'https://ppg.stage.4patriots.net/video/ppg/index.php?AFID=MINISITE'</message>
                <stack-trace>AssertionError: 'https://pph.stage.4patriots.net/checkout/pph/index.php?AFID=MINISITE' == 'https://ppg.stage.4patriots.net/video/ppg/index.php?AFID=MINISITE'
                    at Context.&lt;anonymous> (/Users/corykelly/Downloads/My Stuff/PPH_Smoke/test/funnel-flow.js:45:14)
                    at Promise.F (/Users/corykelly/Downloads/My Stuff/PPH_Smoke/node_modules/core-js/library/modules/_export.js:36:28)</stack-trace>
            </failure>
        </test-case>
    </test-cases>
</ns2:test-suite>