<?xml version='1.0'?>
<ns2:test-suite xmlns:ns2='urn:model.allure.qatools.yandex.ru' start='1523987065277' stop='1523987065291'>
    <name>Site: Patriotpowerhub | Funnel: PPH Main | QA Smoke Test Verifiy landing page Link work</name>
    <title>Site: Patriotpowerhub | Funnel: PPH Main | QA Smoke Test Verifiy landing page Link work</title>
    <test-cases>
        <test-case start='1523987065277' status='failed' stop='1523987065290'>
            <name>Check the functionality of the purchase link</name>
            <title>Check the functionality of the purchase link</title>
            <labels>
                <label name='language' value='javascript'/>
                <label name='framework' value='wdio'/>
            </labels>
            <parameters>
                <parameter kind='argument' name='browser' value='chrome'/>
                <parameter kind='environment-variable' name='capabilities' value='{"maxInstances":5,"browserName":"chrome"}'/>
                <parameter kind='environment-variable' name='spec files' value='["/Users/corykelly/Downloads/My Stuff/Projects/PPH_Smoke/test/lander.test.js"]'/>
            </parameters>
            <steps>
                <step start='1523987065277' status='passed' stop='1523987065279'>
                    <name>POST /wd/hub/session/76ae79c9ee1a3d859c927201bb668546/element</name>
                    <title>POST /wd/hub/session/76ae79c9ee1a3d859c927201bb668546/element</title>
                    <attachments>
                        <attachment title='Request' source='3ce8ed8c-fe79-4308-a48c-f91fdcb9d17c-attachment.json' type='application/json' size='150'/>
                        <attachment title='Response' source='10cbd98c-b8c6-4da7-9a3e-f7d31e99e734-attachment.json' type='application/json' size='135'/>
                    </attachments>
                    <steps/>
                </step>
                <step start='1523987065279' status='passed' stop='1523987065280'>
                    <name>POST /wd/hub/session/76ae79c9ee1a3d859c927201bb668546/element/0.804561152962912-6/click</name>
                    <title>POST /wd/hub/session/76ae79c9ee1a3d859c927201bb668546/element/0.804561152962912-6/click</title>
                    <attachments>
                        <attachment title='Response' source='822f561c-9e1a-4dcd-b7b2-ff3119be9937-attachment.json' type='application/json' size='91'/>
                    </attachments>
                    <steps/>
                </step>
                <step start='1523987065282' status='passed' stop='1523987065286'>
                    <name>GET /wd/hub/session/76ae79c9ee1a3d859c927201bb668546/url</name>
                    <title>GET /wd/hub/session/76ae79c9ee1a3d859c927201bb668546/url</title>
                    <attachments>
                        <attachment title='Response' source='7f07f969-b6f9-4bb4-8eec-07dd308ba585-attachment.json' type='application/json' size='130'/>
                    </attachments>
                    <steps/>
                </step>
            </steps>
            <attachments/>
            <failure>
                <message>'https://pph.stage.4patriots.net/index.php' == 'https://pph.stage.4patriots.net/checkout/pph/index.php?AFID=MINISITE'</message>
                <stack-trace>AssertionError: 'https://pph.stage.4patriots.net/index.php' == 'https://pph.stage.4patriots.net/checkout/pph/index.php?AFID=MINISITE'
                    at Context.&lt;anonymous> (/Users/corykelly/Downloads/My Stuff/Projects/PPH_Smoke/test/lander.test.js:55:14)
                    at Promise.F (/Users/corykelly/Downloads/My Stuff/Projects/PPH_Smoke/node_modules/core-js/library/modules/_export.js:36:28)</stack-trace>
            </failure>
        </test-case>
    </test-cases>
</ns2:test-suite>