<?xml version='1.0'?>
<ns2:test-suite xmlns:ns2='urn:model.allure.qatools.yandex.ru' start='1522781892637' stop='1522781892792'>
    <name>Site: Patriotpowerhub | Funnel: PPH Main | QA Smoke Test</name>
    <title>Site: Patriotpowerhub | Funnel: PPH Main | QA Smoke Test</title>
    <test-cases>
        <test-case start='1522781892637' status='failed' stop='1522781892791'>
            <name>Verify PPH Letter Page URL</name>
            <title>Verify PPH Letter Page URL</title>
            <labels>
                <label name='language' value='javascript'/>
                <label name='framework' value='wdio'/>
            </labels>
            <parameters>
                <parameter kind='argument' name='browser' value='firefox'/>
                <parameter kind='environment-variable' name='capabilities' value='{"maxInstances":5,"browserName":"firefox"}'/>
                <parameter kind='environment-variable' name='spec files' value='["/Users/corykelly/Downloads/My Stuff/PPH_Smoke/test/funnel-flow.js"]'/>
            </parameters>
            <steps>
                <step start='1522781892641' status='passed' stop='1522781892776'>
                    <name>POST /wd/hub/session/debb5791-12ca-af43-aea0-d9e77d998b3f/url</name>
                    <title>POST /wd/hub/session/debb5791-12ca-af43-aea0-d9e77d998b3f/url</title>
                    <attachments>
                        <attachment title='Request' source='0b38082b-f95b-4218-98d1-e18e1e23cee8-attachment.json' type='application/json' size='55'/>
                        <attachment title='Response' source='67fedaa0-f313-4864-ad9b-5b9524eec37b-attachment.json' type='application/json' size='160'/>
                    </attachments>
                    <steps/>
                </step>
                <step start='1522781892781' status='passed' stop='1522781892786'>
                    <name>GET /wd/hub/session/debb5791-12ca-af43-aea0-d9e77d998b3f/url</name>
                    <title>GET /wd/hub/session/debb5791-12ca-af43-aea0-d9e77d998b3f/url</title>
                    <attachments>
                        <attachment title='Response' source='62dd0831-d1d8-4d7c-adc1-008189030a18-attachment.json' type='application/json' size='197'/>
                    </attachments>
                    <steps/>
                </step>
            </steps>
            <attachments/>
            <failure>
                <message>'http://pph.dev.4patriots.net/undefined' == 'http://pph.dev.4patriots.net/index.php'</message>
                <stack-trace>AssertionError: 'http://pph.dev.4patriots.net/undefined' == 'http://pph.dev.4patriots.net/index.php'
                    at Context.&lt;anonymous> (/Users/corykelly/Downloads/My Stuff/PPH_Smoke/test/funnel-flow.js:11:12)
                    at Promise.F (/Users/corykelly/Downloads/My Stuff/PPH_Smoke/node_modules/core-js/library/modules/_export.js:36:28)</stack-trace>
            </failure>
        </test-case>
    </test-cases>
</ns2:test-suite>