<?xml version='1.0'?>
<ns2:test-suite xmlns:ns2='urn:model.allure.qatools.yandex.ru' start='1522864955647' stop='1522864955685'>
    <name>Site: Patriotpowerhub | Funnel: PPH Main | QA Smoke Test Verifiy landing page Link work</name>
    <title>Site: Patriotpowerhub | Funnel: PPH Main | QA Smoke Test Verifiy landing page Link work</title>
    <test-cases>
        <test-case start='1522864955647' status='failed' stop='1522864955684'>
            <name>Check the functionality of the purchase link</name>
            <title>Check the functionality of the purchase link</title>
            <labels>
                <label name='language' value='javascript'/>
                <label name='framework' value='wdio'/>
            </labels>
            <parameters>
                <parameter kind='argument' name='browser' value='chrome'/>
                <parameter kind='environment-variable' name='capabilities' value='{"maxInstances":5,"browserName":"chrome"}'/>
                <parameter kind='environment-variable' name='spec files' value='["/Users/corykelly/Downloads/My Stuff/PPH_Smoke/test/funnel-flow.js"]'/>
            </parameters>
            <steps>
                <step start='1522864955648' status='passed' stop='1522864955648'>
                    <name>POST /wd/hub/session/d8eb7538fa20fba13db0b1e3f31a1983/element</name>
                    <title>POST /wd/hub/session/d8eb7538fa20fba13db0b1e3f31a1983/element</title>
                    <attachments>
                        <attachment title='Request' source='a80cd305-fd77-492c-9153-435f17f06fd0-attachment.json' type='application/json' size='150'/>
                        <attachment title='Response' source='013abbcc-7d8c-4f24-a821-32a1d92e2b70-attachment.json' type='application/json' size='136'/>
                    </attachments>
                    <steps/>
                </step>
                <step start='1522864955648' status='passed' stop='1522864955673'>
                    <name>POST /wd/hub/session/d8eb7538fa20fba13db0b1e3f31a1983/element/0.5085184371025773-6/click</name>
                    <title>POST /wd/hub/session/d8eb7538fa20fba13db0b1e3f31a1983/element/0.5085184371025773-6/click</title>
                    <attachments>
                        <attachment title='Response' source='9cb4bfe9-9412-4c4c-893c-746afaa163fd-attachment.json' type='application/json' size='91'/>
                    </attachments>
                    <steps/>
                </step>
                <step start='1522864955675' status='passed' stop='1522864955680'>
                    <name>GET /wd/hub/session/d8eb7538fa20fba13db0b1e3f31a1983/url</name>
                    <title>GET /wd/hub/session/d8eb7538fa20fba13db0b1e3f31a1983/url</title>
                    <attachments>
                        <attachment title='Response' source='a2a1eaa1-8a5b-4413-8275-fe9e305e7585-attachment.json' type='application/json' size='130'/>
                    </attachments>
                    <steps/>
                </step>
            </steps>
            <attachments/>
            <failure>
                <message>'https://pph.stage.4patriots.net/index.php' == 'https://pph.stage.4patriots.net/checkout/pph/index.php'</message>
                <stack-trace>AssertionError: 'https://pph.stage.4patriots.net/index.php' == 'https://pph.stage.4patriots.net/checkout/pph/index.php'
                    at Context.&lt;anonymous> (/Users/corykelly/Downloads/My Stuff/PPH_Smoke/test/funnel-flow.js:45:14)
                    at Promise.F (/Users/corykelly/Downloads/My Stuff/PPH_Smoke/node_modules/core-js/library/modules/_export.js:36:28)</stack-trace>
            </failure>
        </test-case>
    </test-cases>
</ns2:test-suite>