<?xml version='1.0'?>
<ns2:test-suite xmlns:ns2='urn:model.allure.qatools.yandex.ru' start='1523307561276' stop='1523307561316'>
    <name>Site: Patriotpowerhub | Funnel: PPH Main | QA Smoke Test Verifiy landing page Link work</name>
    <title>Site: Patriotpowerhub | Funnel: PPH Main | QA Smoke Test Verifiy landing page Link work</title>
    <test-cases>
        <test-case start='1523307561276' status='failed' stop='1523307561315'>
            <name>Check the functionality of the purchase link</name>
            <title>Check the functionality of the purchase link</title>
            <labels>
                <label name='language' value='javascript'/>
                <label name='framework' value='wdio'/>
            </labels>
            <parameters>
                <parameter kind='argument' name='browser' value='chrome'/>
                <parameter kind='environment-variable' name='capabilities' value='{"maxInstances":5,"browserName":"chrome"}'/>
                <parameter kind='environment-variable' name='spec files' value='["/Users/corykelly/Downloads/My Stuff/Projects/PPH_Smoke/test/lander.test.js"]'/>
            </parameters>
            <steps>
                <step start='1523307561276' status='passed' stop='1523307561278'>
                    <name>POST /wd/hub/session/ac749751525dd7b1cecd02fc0d18c4fb/element</name>
                    <title>POST /wd/hub/session/ac749751525dd7b1cecd02fc0d18c4fb/element</title>
                    <attachments>
                        <attachment title='Request' source='61d13b73-6f65-4816-bdcc-d0d2701d5818-attachment.json' type='application/json' size='150'/>
                        <attachment title='Response' source='859eb882-c1be-471a-8971-7bcff4483034-attachment.json' type='application/json' size='136'/>
                    </attachments>
                    <steps/>
                </step>
                <step start='1523307561278' status='passed' stop='1523307561300'>
                    <name>POST /wd/hub/session/ac749751525dd7b1cecd02fc0d18c4fb/element/0.7831288000557479-6/click</name>
                    <title>POST /wd/hub/session/ac749751525dd7b1cecd02fc0d18c4fb/element/0.7831288000557479-6/click</title>
                    <attachments>
                        <attachment title='Response' source='18080cb4-7e74-4142-b8cc-aa2aaf354a3e-attachment.json' type='application/json' size='91'/>
                    </attachments>
                    <steps/>
                </step>
                <step start='1523307561303' status='passed' stop='1523307561310'>
                    <name>GET /wd/hub/session/ac749751525dd7b1cecd02fc0d18c4fb/url</name>
                    <title>GET /wd/hub/session/ac749751525dd7b1cecd02fc0d18c4fb/url</title>
                    <attachments>
                        <attachment title='Response' source='ad8a3590-5eee-4bd7-96f2-853021ed8652-attachment.json' type='application/json' size='130'/>
                    </attachments>
                    <steps/>
                </step>
            </steps>
            <attachments/>
            <failure>
                <message>'https://pph.stage.4patriots.net/index.php' == 'https://pph.stage.4patriots.net/checkout/pph/index.php?AFID=MINISITE'</message>
                <stack-trace>AssertionError: 'https://pph.stage.4patriots.net/index.php' == 'https://pph.stage.4patriots.net/checkout/pph/index.php?AFID=MINISITE'
                    at Context.&lt;anonymous> (/Users/corykelly/Downloads/My Stuff/Projects/PPH_Smoke/test/lander.test.js:44:14)
                    at Promise.F (/Users/corykelly/Downloads/My Stuff/Projects/PPH_Smoke/node_modules/core-js/library/modules/_export.js:36:28)</stack-trace>
            </failure>
        </test-case>
    </test-cases>
</ns2:test-suite>