<?xml version='1.0'?>
<ns2:test-suite xmlns:ns2='urn:model.allure.qatools.yandex.ru' start='1522791901744' stop='1522791903471'>
    <name>Site: Patriotpowerhub | Funnel: PPH Main | QA Smoke Test Verifiy landing page Link work</name>
    <title>Site: Patriotpowerhub | Funnel: PPH Main | QA Smoke Test Verifiy landing page Link work</title>
    <test-cases>
        <test-case start='1522791901744' status='failed' stop='1522791903471'>
            <name>Check the functionality of the purchase link</name>
            <title>Check the functionality of the purchase link</title>
            <labels>
                <label name='language' value='javascript'/>
                <label name='framework' value='wdio'/>
            </labels>
            <parameters>
                <parameter kind='argument' name='browser' value='firefox'/>
                <parameter kind='environment-variable' name='capabilities' value='{"maxInstances":5,"browserName":"firefox"}'/>
                <parameter kind='environment-variable' name='spec files' value='["/Users/corykelly/Downloads/My Stuff/PPH_Smoke/test/funnel-flow.js"]'/>
            </parameters>
            <steps>
                <step start='1522791901744' status='passed' stop='1522791901745'>
                    <name>POST /wd/hub/session/01a830c1-418f-fd43-8541-c05548355398/element</name>
                    <title>POST /wd/hub/session/01a830c1-418f-fd43-8541-c05548355398/element</title>
                    <attachments>
                        <attachment title='Request' source='ad448ffe-dbfc-472f-8ac1-29e90d10a4ac-attachment.json' type='application/json' size='150'/>
                        <attachment title='Response' source='43761030-3ec3-4cbe-8ce4-8a7a4f2db610-attachment.json' type='application/json' size='251'/>
                    </attachments>
                    <steps/>
                </step>
                <step start='1522791901745' status='passed' stop='1522791903458'>
                    <name>POST /wd/hub/session/01a830c1-418f-fd43-8541-c05548355398/element/85430ea1-ede1-9e40-a234-52c27867e2dc/click</name>
                    <title>POST /wd/hub/session/01a830c1-418f-fd43-8541-c05548355398/element/85430ea1-ede1-9e40-a234-52c27867e2dc/click</title>
                    <attachments>
                        <attachment title='Response' source='f9beb3df-d7d6-454f-9baa-059d52da5480-attachment.json' type='application/json' size='159'/>
                    </attachments>
                    <steps/>
                </step>
                <step start='1522791903462' status='passed' stop='1522791903466'>
                    <name>GET /wd/hub/session/01a830c1-418f-fd43-8541-c05548355398/url</name>
                    <title>GET /wd/hub/session/01a830c1-418f-fd43-8541-c05548355398/url</title>
                    <attachments>
                        <attachment title='Response' source='a332cb84-0ab9-4f84-9592-b4daf7e61cac-attachment.json' type='application/json' size='227'/>
                    </attachments>
                    <steps/>
                </step>
            </steps>
            <attachments/>
            <failure>
                <message>'https://pph.stage.4patriots.net/checkout/pph/index.php?AFID=MINISITE' == 'https://ppg.stage.4patriots.net/video/ppg/index.php?AFID=MINISITE'</message>
                <stack-trace>AssertionError: 'https://pph.stage.4patriots.net/checkout/pph/index.php?AFID=MINISITE' == 'https://ppg.stage.4patriots.net/video/ppg/index.php?AFID=MINISITE'
                    at Context.&lt;anonymous> (/Users/corykelly/Downloads/My Stuff/PPH_Smoke/test/funnel-flow.js:45:14)
                    at Promise.F (/Users/corykelly/Downloads/My Stuff/PPH_Smoke/node_modules/core-js/library/modules/_export.js:36:28)</stack-trace>
            </failure>
        </test-case>
    </test-cases>
</ns2:test-suite>