<?xml version='1.0'?>
<ns2:test-suite xmlns:ns2='urn:model.allure.qatools.yandex.ru' start='1522781782827' stop='1522781783032'>
    <name>Site: Patriotpowerhub | Funnel: PPH Main | QA Smoke Test</name>
    <title>Site: Patriotpowerhub | Funnel: PPH Main | QA Smoke Test</title>
    <test-cases>
        <test-case start='1522781782827' status='failed' stop='1522781783031'>
            <name>Verify PPH Letter Page URL</name>
            <title>Verify PPH Letter Page URL</title>
            <labels>
                <label name='language' value='javascript'/>
                <label name='framework' value='wdio'/>
            </labels>
            <parameters>
                <parameter kind='argument' name='browser' value='firefox'/>
                <parameter kind='environment-variable' name='capabilities' value='{"maxInstances":5,"browserName":"firefox"}'/>
                <parameter kind='environment-variable' name='spec files' value='["/Users/corykelly/Downloads/My Stuff/PPH_Smoke/test/funnel-flow.js"]'/>
            </parameters>
            <steps>
                <step start='1522781782831' status='passed' stop='1522781783016'>
                    <name>POST /wd/hub/session/751000db-ddab-a94c-a0d8-424acc52f4b9/url</name>
                    <title>POST /wd/hub/session/751000db-ddab-a94c-a0d8-424acc52f4b9/url</title>
                    <attachments>
                        <attachment title='Request' source='46dcc25a-7a60-4e95-8efb-fbcdc7e1cf23-attachment.json' type='application/json' size='55'/>
                        <attachment title='Response' source='2e110c3d-ecf5-404c-8562-81ee2d2eb012-attachment.json' type='application/json' size='160'/>
                    </attachments>
                    <steps/>
                </step>
                <step start='1522781783020' status='passed' stop='1522781783025'>
                    <name>GET /wd/hub/session/751000db-ddab-a94c-a0d8-424acc52f4b9/url</name>
                    <title>GET /wd/hub/session/751000db-ddab-a94c-a0d8-424acc52f4b9/url</title>
                    <attachments>
                        <attachment title='Response' source='9d25d0b0-0349-4cf0-a512-11b028f6357d-attachment.json' type='application/json' size='197'/>
                    </attachments>
                    <steps/>
                </step>
            </steps>
            <attachments/>
            <failure>
                <message>'http://pph.dev.4patriots.net/undefined' == 'http://pph.dev.4patriots.net/index.php'</message>
                <stack-trace>AssertionError: 'http://pph.dev.4patriots.net/undefined' == 'http://pph.dev.4patriots.net/index.php'
                    at Context.&lt;anonymous> (/Users/corykelly/Downloads/My Stuff/PPH_Smoke/test/funnel-flow.js:11:12)
                    at Promise.F (/Users/corykelly/Downloads/My Stuff/PPH_Smoke/node_modules/core-js/library/modules/_export.js:36:28)</stack-trace>
            </failure>
        </test-case>
    </test-cases>
</ns2:test-suite>