<?xml version='1.0'?>
<ns2:test-suite xmlns:ns2='urn:model.allure.qatools.yandex.ru' start='1522775177779' stop='1522775177805'>
    <name>Site: Patriotpowerhub | Funnel: PPH Main | QA Smoke Test</name>
    <title>Site: Patriotpowerhub | Funnel: PPH Main | QA Smoke Test</title>
    <test-cases>
        <test-case start='1522775177779' status='failed' stop='1522775177804'>
            <name>Verify PPH Letter Page URL</name>
            <title>Verify PPH Letter Page URL</title>
            <labels>
                <label name='language' value='javascript'/>
                <label name='framework' value='wdio'/>
            </labels>
            <parameters>
                <parameter kind='argument' name='browser' value='firefox'/>
                <parameter kind='environment-variable' name='capabilities' value='{"maxInstances":5,"browserName":"firefox"}'/>
                <parameter kind='environment-variable' name='spec files' value='["/Users/corykelly/Downloads/My Stuff/PPH_Smoke/test/funnel-flow.js"]'/>
            </parameters>
            <steps>
                <step start='1522775177783' status='passed' stop='1522775177800'>
                    <name>GET /wd/hub/session/1223dca9-9eec-1046-845b-439a2db1de4c/url</name>
                    <title>GET /wd/hub/session/1223dca9-9eec-1046-845b-439a2db1de4c/url</title>
                    <attachments>
                        <attachment title='Response' source='47799a7d-71a0-4d10-bdb2-a8c12f57672c-attachment.json' type='application/json' size='170'/>
                    </attachments>
                    <steps/>
                </step>
            </steps>
            <attachments/>
            <failure>
                <message>'about:blank' == 'http://pph.dev.4patriots.net/index.php'</message>
                <stack-trace>AssertionError: 'about:blank' == 'http://pph.dev.4patriots.net/index.php'
                    at Context.&lt;anonymous> (/Users/corykelly/Downloads/My Stuff/PPH_Smoke/test/funnel-flow.js:9:12)
                    at Promise.F (/Users/corykelly/Downloads/My Stuff/PPH_Smoke/node_modules/core-js/library/modules/_export.js:36:28)</stack-trace>
            </failure>
        </test-case>
    </test-cases>
</ns2:test-suite>