<?xml version='1.0'?>
<ns2:test-suite xmlns:ns2='urn:model.allure.qatools.yandex.ru' start='1522789708687' stop='1522789710747'>
    <name>Site: Patriotpowerhub | Funnel: PPH Main | QA Smoke Test</name>
    <title>Site: Patriotpowerhub | Funnel: PPH Main | QA Smoke Test</title>
    <test-cases>
        <test-case start='1522789708688' status='passed' stop='1522789710297'>
            <name>"before all" hook</name>
            <title>"before all" hook</title>
            <labels/>
            <parameters/>
            <steps>
                <step start='1522789708691' status='passed' stop='1522789710255'>
                    <name>POST /wd/hub/session/bcd0028a-9a68-6548-a345-cf5dcfd7bd0a/url</name>
                    <title>POST /wd/hub/session/bcd0028a-9a68-6548-a345-cf5dcfd7bd0a/url</title>
                    <attachments>
                        <attachment title='Request' source='ee834738-9faf-444a-821f-4bb2dd47ccb4-attachment.json' type='application/json' size='58'/>
                        <attachment title='Response' source='70e2b93d-3ceb-4232-8c54-a0eb27a7c38b-attachment.json' type='application/json' size='160'/>
                    </attachments>
                    <steps/>
                </step>
                <step start='1522789710296' status='passed' stop='1522789710296'>
                    <name>GET /wd/hub/session/bcd0028a-9a68-6548-a345-cf5dcfd7bd0a/url</name>
                    <title>GET /wd/hub/session/bcd0028a-9a68-6548-a345-cf5dcfd7bd0a/url</title>
                    <attachments>
                        <attachment title='Response' source='0204a2e8-5d3c-4e93-b1dc-71f94919afdc-attachment.json' type='application/json' size='201'/>
                    </attachments>
                    <steps/>
                </step>
            </steps>
            <attachments/>
        </test-case>
        <test-case start='1522789710297' status='failed' stop='1522789710298'>
            <name>Check the functionality of the purchase link</name>
            <title>Check the functionality of the purchase link</title>
            <labels>
                <label name='language' value='javascript'/>
                <label name='framework' value='wdio'/>
            </labels>
            <parameters>
                <parameter kind='argument' name='browser' value='firefox'/>
                <parameter kind='environment-variable' name='capabilities' value='{"maxInstances":5,"browserName":"firefox"}'/>
                <parameter kind='environment-variable' name='spec files' value='["/Users/corykelly/Downloads/My Stuff/PPH_Smoke/test/funnel-flow.js"]'/>
            </parameters>
            <steps>
                <step start='1522789710297' status='passed' stop='1522789710298'>
                    <name>GET /wd/hub/session/bcd0028a-9a68-6548-a345-cf5dcfd7bd0a/url</name>
                    <title>GET /wd/hub/session/bcd0028a-9a68-6548-a345-cf5dcfd7bd0a/url</title>
                    <attachments>
                        <attachment title='Response' source='cedad849-fd2c-4af0-a11f-72ebd833d3e8-attachment.json' type='application/json' size='201'/>
                    </attachments>
                    <steps/>
                </step>
            </steps>
            <attachments/>
            <failure>
                <message>'https://pph.stage.4patriots.net/index.php' == 'https://pph.stage.4patriots.net/checkout/pph/index.php'</message>
                <stack-trace>AssertionError: 'https://pph.stage.4patriots.net/index.php' == 'https://pph.stage.4patriots.net/checkout/pph/index.php'
                    at Context.&lt;anonymous> (/Users/corykelly/Downloads/My Stuff/PPH_Smoke/test/funnel-flow.js:53:12)
                    at Promise.F (/Users/corykelly/Downloads/My Stuff/PPH_Smoke/node_modules/core-js/library/modules/_export.js:36:28)</stack-trace>
            </failure>
        </test-case>
    </test-cases>
</ns2:test-suite>