<?xml version='1.0'?>
<ns2:test-suite xmlns:ns2='urn:model.allure.qatools.yandex.ru' start='1523307772213' stop='1523307772259'>
    <name>Site: Patriotpowerhub | Funnel: PPH Main | QA Smoke Test Verifiy landing page Link work</name>
    <title>Site: Patriotpowerhub | Funnel: PPH Main | QA Smoke Test Verifiy landing page Link work</title>
    <test-cases>
        <test-case start='1523307772213' status='failed' stop='1523307772258'>
            <name>Check the functionality of the purchase link</name>
            <title>Check the functionality of the purchase link</title>
            <labels>
                <label name='language' value='javascript'/>
                <label name='framework' value='wdio'/>
            </labels>
            <parameters>
                <parameter kind='argument' name='browser' value='chrome'/>
                <parameter kind='environment-variable' name='capabilities' value='{"maxInstances":5,"browserName":"chrome"}'/>
                <parameter kind='environment-variable' name='spec files' value='["/Users/corykelly/Downloads/My Stuff/Projects/PPH_Smoke/test/lander.test.js"]'/>
            </parameters>
            <steps>
                <step start='1523307772214' status='passed' stop='1523307772214'>
                    <name>POST /wd/hub/session/8d0a4789725c11e1f67c2c20f121a9f9/element</name>
                    <title>POST /wd/hub/session/8d0a4789725c11e1f67c2c20f121a9f9/element</title>
                    <attachments>
                        <attachment title='Request' source='9db0083c-aa53-4e84-b0b5-bbb1b5f77e95-attachment.json' type='application/json' size='150'/>
                        <attachment title='Response' source='67f4beca-bd76-4bbf-9ff1-973f034c210c-attachment.json' type='application/json' size='136'/>
                    </attachments>
                    <steps/>
                </step>
                <step start='1523307772214' status='passed' stop='1523307772244'>
                    <name>POST /wd/hub/session/8d0a4789725c11e1f67c2c20f121a9f9/element/0.6861117094404572-6/click</name>
                    <title>POST /wd/hub/session/8d0a4789725c11e1f67c2c20f121a9f9/element/0.6861117094404572-6/click</title>
                    <attachments>
                        <attachment title='Response' source='589341ef-21e4-4f7e-9bdc-c4f4670e8bdc-attachment.json' type='application/json' size='91'/>
                    </attachments>
                    <steps/>
                </step>
                <step start='1523307772248' status='passed' stop='1523307772253'>
                    <name>GET /wd/hub/session/8d0a4789725c11e1f67c2c20f121a9f9/url</name>
                    <title>GET /wd/hub/session/8d0a4789725c11e1f67c2c20f121a9f9/url</title>
                    <attachments>
                        <attachment title='Response' source='6c7c882c-766d-4dee-aaad-d190b9ba8c65-attachment.json' type='application/json' size='130'/>
                    </attachments>
                    <steps/>
                </step>
            </steps>
            <attachments/>
            <failure>
                <message>'https://pph.stage.4patriots.net/index.php' == 'https://pph.stage.4patriots.net/checkout/pph/index.php?AFID=MINISITE'</message>
                <stack-trace>AssertionError: 'https://pph.stage.4patriots.net/index.php' == 'https://pph.stage.4patriots.net/checkout/pph/index.php?AFID=MINISITE'
                    at Context.&lt;anonymous> (/Users/corykelly/Downloads/My Stuff/Projects/PPH_Smoke/test/lander.test.js:44:14)
                    at Promise.F (/Users/corykelly/Downloads/My Stuff/Projects/PPH_Smoke/node_modules/core-js/library/modules/_export.js:36:28)</stack-trace>
            </failure>
        </test-case>
    </test-cases>
</ns2:test-suite>