<?xml version='1.0'?>
<ns2:test-suite xmlns:ns2='urn:model.allure.qatools.yandex.ru' start='1523986331128' stop='1523986331150'>
    <name>Site: Patriotpowerhub | Funnel: PPH Main | QA Smoke Test Verifiy landing page Link work</name>
    <title>Site: Patriotpowerhub | Funnel: PPH Main | QA Smoke Test Verifiy landing page Link work</title>
    <test-cases>
        <test-case start='1523986331128' status='failed' stop='1523986331150'>
            <name>Check the functionality of the purchase link</name>
            <title>Check the functionality of the purchase link</title>
            <labels>
                <label name='language' value='javascript'/>
                <label name='framework' value='wdio'/>
            </labels>
            <parameters>
                <parameter kind='argument' name='browser' value='chrome'/>
                <parameter kind='environment-variable' name='capabilities' value='{"maxInstances":5,"browserName":"chrome"}'/>
                <parameter kind='environment-variable' name='spec files' value='["/Users/corykelly/Downloads/My Stuff/Projects/PPH_Smoke/test/lander.test.js"]'/>
            </parameters>
            <steps>
                <step start='1523986331129' status='passed' stop='1523986331129'>
                    <name>POST /wd/hub/session/d96f8628c7cb3bfcfaaeab1ab49a9ec9/element</name>
                    <title>POST /wd/hub/session/d96f8628c7cb3bfcfaaeab1ab49a9ec9/element</title>
                    <attachments>
                        <attachment title='Request' source='2ca8fee2-d3e0-4b68-898e-ebd79edede01-attachment.json' type='application/json' size='150'/>
                        <attachment title='Response' source='6a97c64b-93c3-4b9f-b660-56419d4e81c0-attachment.json' type='application/json' size='137'/>
                    </attachments>
                    <steps/>
                </step>
                <step start='1523986331129' status='passed' stop='1523986331139'>
                    <name>POST /wd/hub/session/d96f8628c7cb3bfcfaaeab1ab49a9ec9/element/0.16245692404287748-6/click</name>
                    <title>POST /wd/hub/session/d96f8628c7cb3bfcfaaeab1ab49a9ec9/element/0.16245692404287748-6/click</title>
                    <attachments>
                        <attachment title='Response' source='d97fbd7a-0d8b-49cf-8d2b-50abb8c06dd8-attachment.json' type='application/json' size='91'/>
                    </attachments>
                    <steps/>
                </step>
                <step start='1523986331141' status='passed' stop='1523986331146'>
                    <name>GET /wd/hub/session/d96f8628c7cb3bfcfaaeab1ab49a9ec9/url</name>
                    <title>GET /wd/hub/session/d96f8628c7cb3bfcfaaeab1ab49a9ec9/url</title>
                    <attachments>
                        <attachment title='Response' source='ae51cd63-2fd9-4884-a8da-539588e3e816-attachment.json' type='application/json' size='127'/>
                    </attachments>
                    <steps/>
                </step>
            </steps>
            <attachments/>
            <failure>
                <message>'http://pph.dev.4patriots.net/index.php' == 'https://pph.stage.4patriots.net/checkout/pph/index.php?AFID=MINISITE'</message>
                <stack-trace>AssertionError: 'http://pph.dev.4patriots.net/index.php' == 'https://pph.stage.4patriots.net/checkout/pph/index.php?AFID=MINISITE'
                    at Context.&lt;anonymous> (/Users/corykelly/Downloads/My Stuff/Projects/PPH_Smoke/test/lander.test.js:54:14)
                    at Promise.F (/Users/corykelly/Downloads/My Stuff/Projects/PPH_Smoke/node_modules/core-js/library/modules/_export.js:36:28)</stack-trace>
            </failure>
        </test-case>
    </test-cases>
</ns2:test-suite>