<?xml version='1.0'?>
<ns2:test-suite xmlns:ns2='urn:model.allure.qatools.yandex.ru' start='1522789592079' stop='1522789593338'>
    <name>Site: Patriotpowerhub | Funnel: PPH Main | QA Smoke Test</name>
    <title>Site: Patriotpowerhub | Funnel: PPH Main | QA Smoke Test</title>
    <test-cases>
        <test-case start='1522789592079' status='failed' stop='1522789593337'>
            <name>"before all" hook</name>
            <title>"before all" hook</title>
            <labels/>
            <parameters/>
            <steps>
                <step start='1522789592081' status='passed' stop='1522789593288'>
                    <name>POST /wd/hub/session/0c402d3b-81ac-1046-8cd0-f32091645d21/url</name>
                    <title>POST /wd/hub/session/0c402d3b-81ac-1046-8cd0-f32091645d21/url</title>
                    <attachments>
                        <attachment title='Request' source='312f7734-284d-4262-b956-c0358788ab00-attachment.json' type='application/json' size='58'/>
                        <attachment title='Response' source='df16576d-fb31-4aa8-86fa-198e81a8cc36-attachment.json' type='application/json' size='160'/>
                    </attachments>
                    <steps/>
                </step>
                <step start='1522789593335' status='passed' stop='1522789593337'>
                    <name>GET /wd/hub/session/0c402d3b-81ac-1046-8cd0-f32091645d21/url</name>
                    <title>GET /wd/hub/session/0c402d3b-81ac-1046-8cd0-f32091645d21/url</title>
                    <attachments>
                        <attachment title='Response' source='fa29c979-c55d-40f9-8c55-2e640c01358f-attachment.json' type='application/json' size='200'/>
                    </attachments>
                    <steps/>
                </step>
            </steps>
            <attachments/>
            <failure>
                <message>'https://pph.stage.4patriots.net/index.php' == 'http://pph.dev.4patriots.net/index.php'</message>
                <stack-trace>AssertionError: 'https://pph.stage.4patriots.net/index.php' == 'http://pph.dev.4patriots.net/index.php'
                    at Context.&lt;anonymous> (/Users/corykelly/Downloads/My Stuff/PPH_Smoke/test/funnel-flow.js:15:12)
                    at Promise.F (/Users/corykelly/Downloads/My Stuff/PPH_Smoke/node_modules/core-js/library/modules/_export.js:36:28)</stack-trace>
            </failure>
        </test-case>
    </test-cases>
</ns2:test-suite>