<?xml version='1.0'?>
<ns2:test-suite xmlns:ns2='urn:model.allure.qatools.yandex.ru' start='1522781347842' stop='1522781348040'>
    <name>Site: Patriotpowerhub | Funnel: PPH Main | QA Smoke Test</name>
    <title>Site: Patriotpowerhub | Funnel: PPH Main | QA Smoke Test</title>
    <test-cases>
        <test-case start='1522781347843' status='failed' stop='1522781348039'>
            <name>Verify PPH Letter Page URL</name>
            <title>Verify PPH Letter Page URL</title>
            <labels>
                <label name='language' value='javascript'/>
                <label name='framework' value='wdio'/>
            </labels>
            <parameters>
                <parameter kind='argument' name='browser' value='firefox'/>
                <parameter kind='environment-variable' name='capabilities' value='{"maxInstances":5,"browserName":"firefox"}'/>
                <parameter kind='environment-variable' name='spec files' value='["/Users/corykelly/Downloads/My Stuff/PPH_Smoke/test/funnel-flow.js"]'/>
            </parameters>
            <steps>
                <step start='1522781347847' status='passed' stop='1522781348024'>
                    <name>POST /wd/hub/session/04f363b4-8cf8-df43-ab73-27eee28fa442/url</name>
                    <title>POST /wd/hub/session/04f363b4-8cf8-df43-ab73-27eee28fa442/url</title>
                    <attachments>
                        <attachment title='Request' source='e2673168-04f0-4c97-b325-e4033976fb2a-attachment.json' type='application/json' size='55'/>
                        <attachment title='Response' source='5194f257-16ac-4983-9eb1-8b0c7f2bfb6e-attachment.json' type='application/json' size='159'/>
                    </attachments>
                    <steps/>
                </step>
                <step start='1522781348028' status='passed' stop='1522781348034'>
                    <name>GET /wd/hub/session/04f363b4-8cf8-df43-ab73-27eee28fa442/url</name>
                    <title>GET /wd/hub/session/04f363b4-8cf8-df43-ab73-27eee28fa442/url</title>
                    <attachments>
                        <attachment title='Response' source='e8b44c71-49a3-44b6-b146-f5ddb1b8b779-attachment.json' type='application/json' size='197'/>
                    </attachments>
                    <steps/>
                </step>
            </steps>
            <attachments/>
            <failure>
                <message>undefined == 'http://pph.dev.4patriots.net/index.php'</message>
                <stack-trace>AssertionError: undefined == 'http://pph.dev.4patriots.net/index.php'
                    at Context.&lt;anonymous> (/Users/corykelly/Downloads/My Stuff/PPH_Smoke/test/funnel-flow.js:11:12)
                    at Promise.F (/Users/corykelly/Downloads/My Stuff/PPH_Smoke/node_modules/core-js/library/modules/_export.js:36:28)</stack-trace>
            </failure>
        </test-case>
    </test-cases>
</ns2:test-suite>