<?xml version='1.0'?>
<ns2:test-suite xmlns:ns2='urn:model.allure.qatools.yandex.ru' start='1523986355260' stop='1523986356153'>
    <name>Site: Patriotpowerhub | Funnel: PPH Main | QA Smoke Test</name>
    <title>Site: Patriotpowerhub | Funnel: PPH Main | QA Smoke Test</title>
    <test-cases>
        <test-case start='1523986355260' status='failed' stop='1523986356152'>
            <name>"before all" hook</name>
            <title>"before all" hook</title>
            <labels/>
            <parameters/>
            <steps>
                <step start='1523986355262' status='passed' stop='1523986356135'>
                    <name>POST /wd/hub/session/0786c987fb912de86a55b5b3a6f7e518/url</name>
                    <title>POST /wd/hub/session/0786c987fb912de86a55b5b3a6f7e518/url</title>
                    <attachments>
                        <attachment title='Request' source='5d35b860-dbdf-40fb-b6ef-2467158245f8-attachment.json' type='application/json' size='58'/>
                        <attachment title='Response' source='5e95222c-485c-41b6-93de-c7462b294297-attachment.json' type='application/json' size='91'/>
                    </attachments>
                    <steps/>
                </step>
                <step start='1523986356139' status='passed' stop='1523986356147'>
                    <name>GET /wd/hub/session/0786c987fb912de86a55b5b3a6f7e518/url</name>
                    <title>GET /wd/hub/session/0786c987fb912de86a55b5b3a6f7e518/url</title>
                    <attachments>
                        <attachment title='Response' source='e38e369c-a18e-4a1b-8312-c8fbd83c38dd-attachment.json' type='application/json' size='130'/>
                    </attachments>
                    <steps/>
                </step>
            </steps>
            <attachments/>
            <failure>
                <message>'https://pph.stage.4patriots.net/index.php' == 'http://pph.dev.4patriots.net/index.php'</message>
                <stack-trace>AssertionError: 'https://pph.stage.4patriots.net/index.php' == 'http://pph.dev.4patriots.net/index.php'
                    at Context.&lt;anonymous> (/Users/corykelly/Downloads/My Stuff/Projects/PPH_Smoke/test/lander.test.js:14:12)
                    at Promise.F (/Users/corykelly/Downloads/My Stuff/Projects/PPH_Smoke/node_modules/core-js/library/modules/_export.js:36:28)</stack-trace>
            </failure>
        </test-case>
    </test-cases>
</ns2:test-suite>