<?xml version='1.0'?>
<ns2:test-suite xmlns:ns2='urn:model.allure.qatools.yandex.ru' start='1522789448217' stop='1522789449824'>
    <name>Site: Patriotpowerhub | Funnel: PPH Main | QA Smoke Test</name>
    <title>Site: Patriotpowerhub | Funnel: PPH Main | QA Smoke Test</title>
    <test-cases>
        <test-case start='1522789448218' status='failed' stop='1522789449823'>
            <name>"before all" hook</name>
            <title>"before all" hook</title>
            <labels/>
            <parameters/>
            <steps>
                <step start='1522789448220' status='passed' stop='1522789449780'>
                    <name>POST /wd/hub/session/9aba1a6c-7c2b-8843-99fb-15f8b6cd9e8e/url</name>
                    <title>POST /wd/hub/session/9aba1a6c-7c2b-8843-99fb-15f8b6cd9e8e/url</title>
                    <attachments>
                        <attachment title='Request' source='07682064-7fed-4937-8a75-f8728b7356b0-attachment.json' type='application/json' size='58'/>
                        <attachment title='Response' source='af1b0495-cbe8-403e-a9a7-03a3689f2d40-attachment.json' type='application/json' size='160'/>
                    </attachments>
                    <steps/>
                </step>
                <step start='1522789449814' status='passed' stop='1522789449823'>
                    <name>GET /wd/hub/session/9aba1a6c-7c2b-8843-99fb-15f8b6cd9e8e/url</name>
                    <title>GET /wd/hub/session/9aba1a6c-7c2b-8843-99fb-15f8b6cd9e8e/url</title>
                    <attachments>
                        <attachment title='Response' source='e0ca36e6-d618-40af-9e74-9bb75ff4cc78-attachment.json' type='application/json' size='201'/>
                    </attachments>
                    <steps/>
                </step>
            </steps>
            <attachments/>
            <failure>
                <message>'https://pph.stage.4patriots.net/index.php' == 'http://pph.dev.4patriots.net/index.php'</message>
                <stack-trace>AssertionError: 'https://pph.stage.4patriots.net/index.php' == 'http://pph.dev.4patriots.net/index.php'
                    at Context.&lt;anonymous> (/Users/corykelly/Downloads/My Stuff/PPH_Smoke/test/funnel-flow.js:15:12)
                    at Promise.F (/Users/corykelly/Downloads/My Stuff/PPH_Smoke/node_modules/core-js/library/modules/_export.js:36:28)</stack-trace>
            </failure>
        </test-case>
    </test-cases>
</ns2:test-suite>