<?xml version='1.0'?>
<ns2:test-suite xmlns:ns2='urn:model.allure.qatools.yandex.ru' start='1522791953202' stop='1522791954603'>
    <name>Site: Patriotpowerhub | Funnel: PPH Main | QA Smoke Test Verifiy landing page Link work</name>
    <title>Site: Patriotpowerhub | Funnel: PPH Main | QA Smoke Test Verifiy landing page Link work</title>
    <test-cases>
        <test-case start='1522791953202' status='failed' stop='1522791954602'>
            <name>Check the functionality of the purchase link</name>
            <title>Check the functionality of the purchase link</title>
            <labels>
                <label name='language' value='javascript'/>
                <label name='framework' value='wdio'/>
            </labels>
            <parameters>
                <parameter kind='argument' name='browser' value='firefox'/>
                <parameter kind='environment-variable' name='capabilities' value='{"maxInstances":5,"browserName":"firefox"}'/>
                <parameter kind='environment-variable' name='spec files' value='["/Users/corykelly/Downloads/My Stuff/PPH_Smoke/test/funnel-flow.js"]'/>
            </parameters>
            <steps>
                <step start='1522791953202' status='passed' stop='1522791953203'>
                    <name>POST /wd/hub/session/8080ca9e-ea88-f84b-9cdc-abbb83d82d3a/element</name>
                    <title>POST /wd/hub/session/8080ca9e-ea88-f84b-9cdc-abbb83d82d3a/element</title>
                    <attachments>
                        <attachment title='Request' source='72406c18-443c-499b-80ee-146effb1cd62-attachment.json' type='application/json' size='150'/>
                        <attachment title='Response' source='00034da3-b3d1-448f-af67-1d753d37ede0-attachment.json' type='application/json' size='251'/>
                    </attachments>
                    <steps/>
                </step>
                <step start='1522791953203' status='passed' stop='1522791954587'>
                    <name>POST /wd/hub/session/8080ca9e-ea88-f84b-9cdc-abbb83d82d3a/element/722c218b-2be1-cf40-b1b2-fe2a00c248dd/click</name>
                    <title>POST /wd/hub/session/8080ca9e-ea88-f84b-9cdc-abbb83d82d3a/element/722c218b-2be1-cf40-b1b2-fe2a00c248dd/click</title>
                    <attachments>
                        <attachment title='Response' source='adc5393f-8458-4ca5-89a7-3cd16c74a465-attachment.json' type='application/json' size='160'/>
                    </attachments>
                    <steps/>
                </step>
                <step start='1522791954593' status='passed' stop='1522791954598'>
                    <name>GET /wd/hub/session/8080ca9e-ea88-f84b-9cdc-abbb83d82d3a/url</name>
                    <title>GET /wd/hub/session/8080ca9e-ea88-f84b-9cdc-abbb83d82d3a/url</title>
                    <attachments>
                        <attachment title='Response' source='89bb2255-6183-4285-af24-430b6bdd3afa-attachment.json' type='application/json' size='228'/>
                    </attachments>
                    <steps/>
                </step>
            </steps>
            <attachments/>
            <failure>
                <message>'https://pph.stage.4patriots.net/checkout/pph/index.php?AFID=MINISITE' == 'https://ppg.stage.4patriots.net/video/ppg/index.php?AFID=MINISITE'</message>
                <stack-trace>AssertionError: 'https://pph.stage.4patriots.net/checkout/pph/index.php?AFID=MINISITE' == 'https://ppg.stage.4patriots.net/video/ppg/index.php?AFID=MINISITE'
                    at Context.&lt;anonymous> (/Users/corykelly/Downloads/My Stuff/PPH_Smoke/test/funnel-flow.js:45:14)
                    at Promise.F (/Users/corykelly/Downloads/My Stuff/PPH_Smoke/node_modules/core-js/library/modules/_export.js:36:28)</stack-trace>
            </failure>
        </test-case>
    </test-cases>
</ns2:test-suite>