<?xml version='1.0'?>
<ns2:test-suite xmlns:ns2='urn:model.allure.qatools.yandex.ru' start='1522782100262' stop='1522782100478'>
    <name>Site: Patriotpowerhub | Funnel: PPH Main | QA Smoke Test</name>
    <title>Site: Patriotpowerhub | Funnel: PPH Main | QA Smoke Test</title>
    <test-cases>
        <test-case start='1522782100263' status='failed' stop='1522782100478'>
            <name>Verify PPH Letter Page URL</name>
            <title>Verify PPH Letter Page URL</title>
            <labels>
                <label name='language' value='javascript'/>
                <label name='framework' value='wdio'/>
            </labels>
            <parameters>
                <parameter kind='argument' name='browser' value='firefox'/>
                <parameter kind='environment-variable' name='capabilities' value='{"maxInstances":5,"browserName":"firefox"}'/>
                <parameter kind='environment-variable' name='spec files' value='["/Users/corykelly/Downloads/My Stuff/PPH_Smoke/test/funnel-flow.js"]'/>
            </parameters>
            <steps>
                <step start='1522782100267' status='passed' stop='1522782100463'>
                    <name>POST /wd/hub/session/cd408cda-544d-b74c-8e14-a9ff0aa566b3/url</name>
                    <title>POST /wd/hub/session/cd408cda-544d-b74c-8e14-a9ff0aa566b3/url</title>
                    <attachments>
                        <attachment title='Request' source='3ed33415-061f-4f64-b14a-daecf5846486-attachment.json' type='application/json' size='55'/>
                        <attachment title='Response' source='6946d85e-e57f-406b-8286-bb3fe200c1a3-attachment.json' type='application/json' size='159'/>
                    </attachments>
                    <steps/>
                </step>
                <step start='1522782100467' status='passed' stop='1522782100473'>
                    <name>GET /wd/hub/session/cd408cda-544d-b74c-8e14-a9ff0aa566b3/url</name>
                    <title>GET /wd/hub/session/cd408cda-544d-b74c-8e14-a9ff0aa566b3/url</title>
                    <attachments>
                        <attachment title='Response' source='38ac6deb-47e5-4bdf-aa73-e053040254a0-attachment.json' type='application/json' size='197'/>
                    </attachments>
                    <steps/>
                </step>
            </steps>
            <attachments/>
            <failure>
                <message>'http://pph.dev.4patriots.net/undefined' == 'http://pph.dev.4patriots.net/index.php'</message>
                <stack-trace>AssertionError: 'http://pph.dev.4patriots.net/undefined' == 'http://pph.dev.4patriots.net/index.php'
                    at Context.&lt;anonymous> (/Users/corykelly/Downloads/My Stuff/PPH_Smoke/test/funnel-flow.js:11:12)
                    at Promise.F (/Users/corykelly/Downloads/My Stuff/PPH_Smoke/node_modules/core-js/library/modules/_export.js:36:28)</stack-trace>
            </failure>
        </test-case>
    </test-cases>
</ns2:test-suite>