<?xml version='1.0'?>
<ns2:test-suite xmlns:ns2='urn:model.allure.qatools.yandex.ru' start='1522789100731' stop='1522789102138'>
    <name>Site: Patriotpowerhub | Funnel: PPH Main | QA Smoke Test</name>
    <title>Site: Patriotpowerhub | Funnel: PPH Main | QA Smoke Test</title>
    <test-cases>
        <test-case start='1522789100732' status='failed' stop='1522789102137'>
            <name>"before all" hook</name>
            <title>"before all" hook</title>
            <labels/>
            <parameters/>
            <steps>
                <step start='1522789100735' status='passed' stop='1522789102089'>
                    <name>POST /wd/hub/session/e62c2ff0-fefd-7449-8632-ec6b05728cf9/url</name>
                    <title>POST /wd/hub/session/e62c2ff0-fefd-7449-8632-ec6b05728cf9/url</title>
                    <attachments>
                        <attachment title='Request' source='93649c72-63f6-48d4-9346-8ed9f4f4d2e0-attachment.json' type='application/json' size='58'/>
                        <attachment title='Response' source='0ac344a1-2149-47dd-a849-88b04df19afc-attachment.json' type='application/json' size='160'/>
                    </attachments>
                    <steps/>
                </step>
                <step start='1522789102135' status='passed' stop='1522789102136'>
                    <name>GET /wd/hub/session/e62c2ff0-fefd-7449-8632-ec6b05728cf9/url</name>
                    <title>GET /wd/hub/session/e62c2ff0-fefd-7449-8632-ec6b05728cf9/url</title>
                    <attachments>
                        <attachment title='Response' source='7cfcc8da-2cb3-4a67-b6eb-c62df87f692d-attachment.json' type='application/json' size='200'/>
                    </attachments>
                    <steps/>
                </step>
            </steps>
            <attachments/>
            <failure>
                <message>'https://pph.stage.4patriots.net/index.php' == 'http://pph.dev.4patriots.net/index.php'</message>
                <stack-trace>AssertionError: 'https://pph.stage.4patriots.net/index.php' == 'http://pph.dev.4patriots.net/index.php'
                    at Context.&lt;anonymous> (/Users/corykelly/Downloads/My Stuff/PPH_Smoke/test/funnel-flow.js:15:12)
                    at Promise.F (/Users/corykelly/Downloads/My Stuff/PPH_Smoke/node_modules/core-js/library/modules/_export.js:36:28)</stack-trace>
            </failure>
        </test-case>
    </test-cases>
</ns2:test-suite>