<?xml version='1.0'?>
<ns2:test-suite xmlns:ns2='urn:model.allure.qatools.yandex.ru' start='1522777197811' stop='1522777197962'>
    <name>Site: Patriotpowerhub | Funnel: PPH Main | QA Smoke Test</name>
    <title>Site: Patriotpowerhub | Funnel: PPH Main | QA Smoke Test</title>
    <test-cases>
        <test-case start='1522777197812' status='failed' stop='1522777197961'>
            <name>Verify PPH Letter Page URL</name>
            <title>Verify PPH Letter Page URL</title>
            <labels>
                <label name='language' value='javascript'/>
                <label name='framework' value='wdio'/>
            </labels>
            <parameters>
                <parameter kind='argument' name='browser' value='firefox'/>
                <parameter kind='environment-variable' name='capabilities' value='{"maxInstances":5,"browserName":"firefox"}'/>
                <parameter kind='environment-variable' name='spec files' value='["/Users/corykelly/Downloads/My Stuff/PPH_Smoke/test/funnel-flow.js"]'/>
            </parameters>
            <steps>
                <step start='1522777197815' status='passed' stop='1522777197955'>
                    <name>POST /wd/hub/session/92afed32-cbbe-7845-ac06-b5cd3b35ba95/url</name>
                    <title>POST /wd/hub/session/92afed32-cbbe-7845-ac06-b5cd3b35ba95/url</title>
                    <attachments>
                        <attachment title='Request' source='88b782aa-cab4-4144-99a9-fcabd8bb1e26-attachment.json' type='application/json' size='55'/>
                        <attachment title='Response' source='9096ba64-7128-4795-89a0-ac5b7aba4f82-attachment.json' type='application/json' size='160'/>
                    </attachments>
                    <steps/>
                </step>
            </steps>
            <attachments/>
            <failure>
                <message>[Function: value] == 'http://pph.dev.4patriots.net/index.php'</message>
                <stack-trace>AssertionError: [Function: value] == 'http://pph.dev.4patriots.net/index.php'
                    at Context.&lt;anonymous> (/Users/corykelly/Downloads/My Stuff/PPH_Smoke/test/funnel-flow.js:11:12)
                    at Promise.F (/Users/corykelly/Downloads/My Stuff/PPH_Smoke/node_modules/core-js/library/modules/_export.js:36:28)</stack-trace>
            </failure>
        </test-case>
    </test-cases>
</ns2:test-suite>