<?xml version='1.0'?>
<ns2:test-suite xmlns:ns2='urn:model.allure.qatools.yandex.ru' start='1522781822741' stop='1522781822894'>
    <name>Site: Patriotpowerhub | Funnel: PPH Main | QA Smoke Test</name>
    <title>Site: Patriotpowerhub | Funnel: PPH Main | QA Smoke Test</title>
    <test-cases>
        <test-case start='1522781822741' status='failed' stop='1522781822894'>
            <name>Verify PPH Letter Page URL</name>
            <title>Verify PPH Letter Page URL</title>
            <labels>
                <label name='language' value='javascript'/>
                <label name='framework' value='wdio'/>
            </labels>
            <parameters>
                <parameter kind='argument' name='browser' value='firefox'/>
                <parameter kind='environment-variable' name='capabilities' value='{"maxInstances":5,"browserName":"firefox"}'/>
                <parameter kind='environment-variable' name='spec files' value='["/Users/corykelly/Downloads/My Stuff/PPH_Smoke/test/funnel-flow.js"]'/>
            </parameters>
            <steps>
                <step start='1522781822744' status='passed' stop='1522781822874'>
                    <name>POST /wd/hub/session/60ade9fe-05ed-2644-b625-590b12205a6f/url</name>
                    <title>POST /wd/hub/session/60ade9fe-05ed-2644-b625-590b12205a6f/url</title>
                    <attachments>
                        <attachment title='Request' source='09589e75-b443-4124-ac1c-4d63f2239cc3-attachment.json' type='application/json' size='55'/>
                        <attachment title='Response' source='88ca3e2d-db34-4723-96b0-19a292b39eac-attachment.json' type='application/json' size='159'/>
                    </attachments>
                    <steps/>
                </step>
                <step start='1522781822878' status='passed' stop='1522781822890'>
                    <name>GET /wd/hub/session/60ade9fe-05ed-2644-b625-590b12205a6f/url</name>
                    <title>GET /wd/hub/session/60ade9fe-05ed-2644-b625-590b12205a6f/url</title>
                    <attachments>
                        <attachment title='Response' source='8045a314-a271-4b76-8f96-5b91045149ff-attachment.json' type='application/json' size='198'/>
                    </attachments>
                    <steps/>
                </step>
            </steps>
            <attachments/>
            <failure>
                <message>'http://pph.dev.4patriots.net/undefined' == 'http://pph.dev.4patriots.net/index.php'</message>
                <stack-trace>AssertionError: 'http://pph.dev.4patriots.net/undefined' == 'http://pph.dev.4patriots.net/index.php'
                    at Context.&lt;anonymous> (/Users/corykelly/Downloads/My Stuff/PPH_Smoke/test/funnel-flow.js:11:12)
                    at Promise.F (/Users/corykelly/Downloads/My Stuff/PPH_Smoke/node_modules/core-js/library/modules/_export.js:36:28)</stack-trace>
            </failure>
        </test-case>
    </test-cases>
</ns2:test-suite>