<?xml version='1.0'?>
<ns2:test-suite xmlns:ns2='urn:model.allure.qatools.yandex.ru' start='1523987129743' stop='1523987129751'>
    <name>Site: Patriotpowerhub | Funnel: PPH Main | QA Smoke Test Verifiy landing page Link work</name>
    <title>Site: Patriotpowerhub | Funnel: PPH Main | QA Smoke Test Verifiy landing page Link work</title>
    <test-cases>
        <test-case start='1523987129743' status='failed' stop='1523987129751'>
            <name>Check the functionality of the purchase link</name>
            <title>Check the functionality of the purchase link</title>
            <labels>
                <label name='language' value='javascript'/>
                <label name='framework' value='wdio'/>
            </labels>
            <parameters>
                <parameter kind='argument' name='browser' value='chrome'/>
                <parameter kind='environment-variable' name='capabilities' value='{"maxInstances":5,"browserName":"chrome"}'/>
                <parameter kind='environment-variable' name='spec files' value='["/Users/corykelly/Downloads/My Stuff/Projects/PPH_Smoke/test/lander.test.js"]'/>
            </parameters>
            <steps>
                <step start='1523987129744' status='passed' stop='1523987129744'>
                    <name>POST /wd/hub/session/f215c37e44323aceaf9e63caa67ebfc1/element</name>
                    <title>POST /wd/hub/session/f215c37e44323aceaf9e63caa67ebfc1/element</title>
                    <attachments>
                        <attachment title='Request' source='4f944bbc-ab64-498c-a334-b6646e288969-attachment.json' type='application/json' size='150'/>
                        <attachment title='Response' source='abc38044-6946-414f-997d-24500fc55ba4-attachment.json' type='application/json' size='136'/>
                    </attachments>
                    <steps/>
                </step>
                <step start='1523987129745' status='passed' stop='1523987129745'>
                    <name>POST /wd/hub/session/f215c37e44323aceaf9e63caa67ebfc1/element/0.9498966077314759-6/click</name>
                    <title>POST /wd/hub/session/f215c37e44323aceaf9e63caa67ebfc1/element/0.9498966077314759-6/click</title>
                    <attachments>
                        <attachment title='Response' source='14f6580c-bff2-4248-a7c3-e8f57c9a4322-attachment.json' type='application/json' size='91'/>
                    </attachments>
                    <steps/>
                </step>
                <step start='1523987129745' status='passed' stop='1523987129746'>
                    <name>GET /wd/hub/session/f215c37e44323aceaf9e63caa67ebfc1/url</name>
                    <title>GET /wd/hub/session/f215c37e44323aceaf9e63caa67ebfc1/url</title>
                    <attachments>
                        <attachment title='Response' source='2e0c4755-741e-48d1-a072-68b612ec1a04-attachment.json' type='application/json' size='130'/>
                    </attachments>
                    <steps/>
                </step>
            </steps>
            <attachments/>
            <failure>
                <message>'https://pph.stage.4patriots.net/index.php' == 'https://pph.stage.4patriots.net/checkout/pph/index.php?AFID=MINISITE'</message>
                <stack-trace>AssertionError: 'https://pph.stage.4patriots.net/index.php' == 'https://pph.stage.4patriots.net/checkout/pph/index.php?AFID=MINISITE'
                    at Context.&lt;anonymous> (/Users/corykelly/Downloads/My Stuff/Projects/PPH_Smoke/test/lander.test.js:55:14)
                    at Promise.F (/Users/corykelly/Downloads/My Stuff/Projects/PPH_Smoke/node_modules/core-js/library/modules/_export.js:36:28)</stack-trace>
            </failure>
        </test-case>
    </test-cases>
</ns2:test-suite>