<?xml version='1.0'?>
<ns2:test-suite xmlns:ns2='urn:model.allure.qatools.yandex.ru' start='1522777142907' stop='1522777143069'>
    <name>Site: Patriotpowerhub | Funnel: PPH Main | QA Smoke Test</name>
    <title>Site: Patriotpowerhub | Funnel: PPH Main | QA Smoke Test</title>
    <test-cases>
        <test-case start='1522777142907' status='failed' stop='1522777143068'>
            <name>Verify PPH Letter Page URL</name>
            <title>Verify PPH Letter Page URL</title>
            <labels>
                <label name='language' value='javascript'/>
                <label name='framework' value='wdio'/>
            </labels>
            <parameters>
                <parameter kind='argument' name='browser' value='firefox'/>
                <parameter kind='environment-variable' name='capabilities' value='{"maxInstances":5,"browserName":"firefox"}'/>
                <parameter kind='environment-variable' name='spec files' value='["/Users/corykelly/Downloads/My Stuff/PPH_Smoke/test/funnel-flow.js"]'/>
            </parameters>
            <steps>
                <step start='1522777142912' status='passed' stop='1522777143054'>
                    <name>POST /wd/hub/session/16d38007-7d86-714a-a133-93607f99bbc4/url</name>
                    <title>POST /wd/hub/session/16d38007-7d86-714a-a133-93607f99bbc4/url</title>
                    <attachments>
                        <attachment title='Request' source='33f38710-196c-4ab0-ae24-235a97a30a3d-attachment.json' type='application/json' size='55'/>
                        <attachment title='Response' source='217c1869-952f-418a-86ef-6f74810f10ca-attachment.json' type='application/json' size='160'/>
                    </attachments>
                    <steps/>
                </step>
                <step start='1522777143058' status='passed' stop='1522777143062'>
                    <name>GET /wd/hub/session/16d38007-7d86-714a-a133-93607f99bbc4/url</name>
                    <title>GET /wd/hub/session/16d38007-7d86-714a-a133-93607f99bbc4/url</title>
                    <attachments>
                        <attachment title='Response' source='b8cf52d9-6caa-4161-b4c5-ec331d5410fc-attachment.json' type='application/json' size='198'/>
                    </attachments>
                    <steps/>
                </step>
            </steps>
            <attachments/>
            <failure>
                <message>undefined == 'http://pph.dev.4patriots.net/index.php'</message>
                <stack-trace>AssertionError: undefined == 'http://pph.dev.4patriots.net/index.php'
                    at Context.&lt;anonymous> (/Users/corykelly/Downloads/My Stuff/PPH_Smoke/test/funnel-flow.js:11:12)
                    at Promise.F (/Users/corykelly/Downloads/My Stuff/PPH_Smoke/node_modules/core-js/library/modules/_export.js:36:28)</stack-trace>
            </failure>
        </test-case>
    </test-cases>
</ns2:test-suite>