<?xml version='1.0'?>
<ns2:test-suite xmlns:ns2='urn:model.allure.qatools.yandex.ru' start='1523987038047' stop='1523987038064'>
    <name>Site: Patriotpowerhub | Funnel: PPH Main | QA Smoke Test Verifiy landing page Link work</name>
    <title>Site: Patriotpowerhub | Funnel: PPH Main | QA Smoke Test Verifiy landing page Link work</title>
    <test-cases>
        <test-case start='1523987038048' status='failed' stop='1523987038064'>
            <name>Check the functionality of the purchase link</name>
            <title>Check the functionality of the purchase link</title>
            <labels>
                <label name='language' value='javascript'/>
                <label name='framework' value='wdio'/>
            </labels>
            <parameters>
                <parameter kind='argument' name='browser' value='chrome'/>
                <parameter kind='environment-variable' name='capabilities' value='{"maxInstances":5,"browserName":"chrome"}'/>
                <parameter kind='environment-variable' name='spec files' value='["/Users/corykelly/Downloads/My Stuff/Projects/PPH_Smoke/test/lander.test.js"]'/>
            </parameters>
            <steps>
                <step start='1523987038048' status='passed' stop='1523987038049'>
                    <name>POST /wd/hub/session/52bfef04c8bfd636fa2ddb00d0526f68/element</name>
                    <title>POST /wd/hub/session/52bfef04c8bfd636fa2ddb00d0526f68/element</title>
                    <attachments>
                        <attachment title='Request' source='904c32b3-63a2-4a0f-a936-43fcaaa210e3-attachment.json' type='application/json' size='150'/>
                        <attachment title='Response' source='88933f57-52ee-40f4-a8fb-e5794eb3910f-attachment.json' type='application/json' size='136'/>
                    </attachments>
                    <steps/>
                </step>
                <step start='1523987038049' status='passed' stop='1523987038052'>
                    <name>POST /wd/hub/session/52bfef04c8bfd636fa2ddb00d0526f68/element/0.6583121117890314-6/click</name>
                    <title>POST /wd/hub/session/52bfef04c8bfd636fa2ddb00d0526f68/element/0.6583121117890314-6/click</title>
                    <attachments>
                        <attachment title='Response' source='88326353-e234-4ddb-85c2-04d35a0b0762-attachment.json' type='application/json' size='91'/>
                    </attachments>
                    <steps/>
                </step>
                <step start='1523987038055' status='passed' stop='1523987038060'>
                    <name>GET /wd/hub/session/52bfef04c8bfd636fa2ddb00d0526f68/url</name>
                    <title>GET /wd/hub/session/52bfef04c8bfd636fa2ddb00d0526f68/url</title>
                    <attachments>
                        <attachment title='Response' source='4e0e2c39-c7dd-497e-9242-d5f0f92fc709-attachment.json' type='application/json' size='130'/>
                    </attachments>
                    <steps/>
                </step>
            </steps>
            <attachments/>
            <failure>
                <message>'https://pph.stage.4patriots.net/index.php' == 'https://pph.stage.4patriots.net/checkout/pph/index.php?AFID=MINISITE'</message>
                <stack-trace>AssertionError: 'https://pph.stage.4patriots.net/index.php' == 'https://pph.stage.4patriots.net/checkout/pph/index.php?AFID=MINISITE'
                    at Context.&lt;anonymous> (/Users/corykelly/Downloads/My Stuff/Projects/PPH_Smoke/test/lander.test.js:55:14)
                    at Promise.F (/Users/corykelly/Downloads/My Stuff/Projects/PPH_Smoke/node_modules/core-js/library/modules/_export.js:36:28)</stack-trace>
            </failure>
        </test-case>
    </test-cases>
</ns2:test-suite>