<?xml version='1.0'?>
<ns2:test-suite xmlns:ns2='urn:model.allure.qatools.yandex.ru' start='1523375314838' stop='1523375315690'>
    <name>Site: Patriotpowerhub | Funnel: PPH Main | QA Smoke Test</name>
    <title>Site: Patriotpowerhub | Funnel: PPH Main | QA Smoke Test</title>
    <test-cases>
        <test-case start='1523375314838' status='failed' stop='1523375315689'>
            <name>"before all" hook</name>
            <title>"before all" hook</title>
            <labels/>
            <parameters/>
            <steps>
                <step start='1523375314841' status='passed' stop='1523375315670'>
                    <name>POST /wd/hub/session/ff4d603b1e2b90e8e1f3e4f0de346d10/url</name>
                    <title>POST /wd/hub/session/ff4d603b1e2b90e8e1f3e4f0de346d10/url</title>
                    <attachments>
                        <attachment title='Request' source='28ea4d7d-ddba-45f2-981e-0e09df7b4d36-attachment.json' type='application/json' size='55'/>
                        <attachment title='Response' source='2463cfee-d3da-40aa-8f30-c83b5cb0262b-attachment.json' type='application/json' size='91'/>
                    </attachments>
                    <steps/>
                </step>
                <step start='1523375315675' status='passed' stop='1523375315683'>
                    <name>GET /wd/hub/session/ff4d603b1e2b90e8e1f3e4f0de346d10/url</name>
                    <title>GET /wd/hub/session/ff4d603b1e2b90e8e1f3e4f0de346d10/url</title>
                    <attachments>
                        <attachment title='Response' source='b7e7e7d4-d110-4f08-ab21-81bf4b3a3a55-attachment.json' type='application/json' size='127'/>
                    </attachments>
                    <steps/>
                </step>
            </steps>
            <attachments/>
            <failure>
                <message>'http://pph.dev.4patriots.net/index.php' == 'https://pph.stage.4patriots.net/index.php'</message>
                <stack-trace>AssertionError: 'http://pph.dev.4patriots.net/index.php' == 'https://pph.stage.4patriots.net/index.php'
                    at Context.&lt;anonymous> (/Users/corykelly/Downloads/My Stuff/Projects/PPH_Smoke/test/lander.test.js:14:12)
                    at Promise.F (/Users/corykelly/Downloads/My Stuff/Projects/PPH_Smoke/node_modules/core-js/library/modules/_export.js:36:28)</stack-trace>
            </failure>
        </test-case>
    </test-cases>
</ns2:test-suite>