<?xml version='1.0'?>
<ns2:test-suite xmlns:ns2='urn:model.allure.qatools.yandex.ru' start='1523986634972' stop='1523986634992'>
    <name>Site: Patriotpowerhub | Funnel: PPH Main | QA Smoke Test Verifiy landing page Link work</name>
    <title>Site: Patriotpowerhub | Funnel: PPH Main | QA Smoke Test Verifiy landing page Link work</title>
    <test-cases>
        <test-case start='1523986634972' status='failed' stop='1523986634991'>
            <name>Check the functionality of the purchase link</name>
            <title>Check the functionality of the purchase link</title>
            <labels>
                <label name='language' value='javascript'/>
                <label name='framework' value='wdio'/>
            </labels>
            <parameters>
                <parameter kind='argument' name='browser' value='chrome'/>
                <parameter kind='environment-variable' name='capabilities' value='{"maxInstances":5,"browserName":"chrome"}'/>
                <parameter kind='environment-variable' name='spec files' value='["/Users/corykelly/Downloads/My Stuff/Projects/PPH_Smoke/test/lander.test.js"]'/>
            </parameters>
            <steps>
                <step start='1523986634972' status='passed' stop='1523986634973'>
                    <name>POST /wd/hub/session/1c8a9e1f903eef261359a604cdbb821f/element</name>
                    <title>POST /wd/hub/session/1c8a9e1f903eef261359a604cdbb821f/element</title>
                    <attachments>
                        <attachment title='Request' source='21cc59ba-9d0d-4cc6-9131-91d39d72c5de-attachment.json' type='application/json' size='150'/>
                        <attachment title='Response' source='3ae8ee15-1d2c-47f1-8b66-681a517a291d-attachment.json' type='application/json' size='136'/>
                    </attachments>
                    <steps/>
                </step>
                <step start='1523986634973' status='passed' stop='1523986634980'>
                    <name>POST /wd/hub/session/1c8a9e1f903eef261359a604cdbb821f/element/0.9276671385913664-6/click</name>
                    <title>POST /wd/hub/session/1c8a9e1f903eef261359a604cdbb821f/element/0.9276671385913664-6/click</title>
                    <attachments>
                        <attachment title='Response' source='5165519c-08df-4b8c-b5fb-f3019ef533b1-attachment.json' type='application/json' size='91'/>
                    </attachments>
                    <steps/>
                </step>
                <step start='1523986634983' status='passed' stop='1523986634988'>
                    <name>GET /wd/hub/session/1c8a9e1f903eef261359a604cdbb821f/url</name>
                    <title>GET /wd/hub/session/1c8a9e1f903eef261359a604cdbb821f/url</title>
                    <attachments>
                        <attachment title='Response' source='eb35e353-3339-4575-b4c7-609bb3aac74b-attachment.json' type='application/json' size='130'/>
                    </attachments>
                    <steps/>
                </step>
            </steps>
            <attachments/>
            <failure>
                <message>'https://pph.stage.4patriots.net/index.php' == 'https://pph.stage.4patriots.net/checkout/pph/index.php?AFID=MINISITE'</message>
                <stack-trace>AssertionError: 'https://pph.stage.4patriots.net/index.php' == 'https://pph.stage.4patriots.net/checkout/pph/index.php?AFID=MINISITE'
                    at Context.&lt;anonymous> (/Users/corykelly/Downloads/My Stuff/Projects/PPH_Smoke/test/lander.test.js:55:14)
                    at Promise.F (/Users/corykelly/Downloads/My Stuff/Projects/PPH_Smoke/node_modules/core-js/library/modules/_export.js:36:28)</stack-trace>
            </failure>
        </test-case>
    </test-cases>
</ns2:test-suite>