<?xml version='1.0'?>
<ns2:test-suite xmlns:ns2='urn:model.allure.qatools.yandex.ru' start='1522791604579' stop='1522791606417'>
    <name>Site: Patriotpowerhub | Funnel: PPH Main | QA Smoke Test Verifiy landing page Link work</name>
    <title>Site: Patriotpowerhub | Funnel: PPH Main | QA Smoke Test Verifiy landing page Link work</title>
    <test-cases>
        <test-case start='1522791604579' status='failed' stop='1522791606417'>
            <name>Check the functionality of the purchase link</name>
            <title>Check the functionality of the purchase link</title>
            <labels>
                <label name='language' value='javascript'/>
                <label name='framework' value='wdio'/>
            </labels>
            <parameters>
                <parameter kind='argument' name='browser' value='firefox'/>
                <parameter kind='environment-variable' name='capabilities' value='{"maxInstances":5,"browserName":"firefox"}'/>
                <parameter kind='environment-variable' name='spec files' value='["/Users/corykelly/Downloads/My Stuff/PPH_Smoke/test/funnel-flow.js"]'/>
            </parameters>
            <steps>
                <step start='1522791604580' status='passed' stop='1522791604580'>
                    <name>POST /wd/hub/session/2f9aad81-50df-ac45-a8dd-393b3a211dcb/element</name>
                    <title>POST /wd/hub/session/2f9aad81-50df-ac45-a8dd-393b3a211dcb/element</title>
                    <attachments>
                        <attachment title='Request' source='3f8bc272-d46f-453f-afaf-db3e8adc8431-attachment.json' type='application/json' size='150'/>
                        <attachment title='Response' source='03c97e7b-2586-4cd7-bbc6-bb67ae612c98-attachment.json' type='application/json' size='251'/>
                    </attachments>
                    <steps/>
                </step>
                <step start='1522791604580' status='passed' stop='1522791606400'>
                    <name>POST /wd/hub/session/2f9aad81-50df-ac45-a8dd-393b3a211dcb/element/c0051d24-9b22-e544-96d4-73c62c4f59da/click</name>
                    <title>POST /wd/hub/session/2f9aad81-50df-ac45-a8dd-393b3a211dcb/element/c0051d24-9b22-e544-96d4-73c62c4f59da/click</title>
                    <attachments>
                        <attachment title='Response' source='beae5a9f-f4d7-41c1-b9ec-fe6cf608da4e-attachment.json' type='application/json' size='160'/>
                    </attachments>
                    <steps/>
                </step>
                <step start='1522791606405' status='passed' stop='1522791606411'>
                    <name>GET /wd/hub/session/2f9aad81-50df-ac45-a8dd-393b3a211dcb/url</name>
                    <title>GET /wd/hub/session/2f9aad81-50df-ac45-a8dd-393b3a211dcb/url</title>
                    <attachments>
                        <attachment title='Response' source='931fb490-26ec-4edb-aff0-be5bc80ab277-attachment.json' type='application/json' size='227'/>
                    </attachments>
                    <steps/>
                </step>
            </steps>
            <attachments/>
            <failure>
                <message>'https://pph.stage.4patriots.net/checkout/pph/index.php?AFID=MINISITE' == 'https://ppg.stage.4patriots.net/video/ppg/index.php'</message>
                <stack-trace>AssertionError: 'https://pph.stage.4patriots.net/checkout/pph/index.php?AFID=MINISITE' == 'https://ppg.stage.4patriots.net/video/ppg/index.php'
                    at Context.&lt;anonymous> (/Users/corykelly/Downloads/My Stuff/PPH_Smoke/test/funnel-flow.js:46:14)
                    at Promise.F (/Users/corykelly/Downloads/My Stuff/PPH_Smoke/node_modules/core-js/library/modules/_export.js:36:28)</stack-trace>
            </failure>
        </test-case>
    </test-cases>
</ns2:test-suite>